2015-12-03 sh600338
2015-11-09 sz002357
2015-08-18 sz000993
2015-08-21 sz000526
2015-11-23 sz002330
2015-11-25 sz300441
2015-11-25 sz002014
2015-11-27 sh600392
2015-11-26 sh600735
2015-12-02 sh600053  N
2015-11-16 sh600234
2015-12-01 sh600165  NN
2015-11-18 sh600226
2015-11-19 sh600967
2015-10-27 sh600207
2015-11-16 sh600151
2015-11-24 sh600641
2015-11-12 sh600318
2015-11-17 sh600610
2015-11-25 sz002464
2015-10-21 sz002316
2015-11-20 sz002535
2015-11-24 sz002670
2015-10-27 sz002432  Y
2015-11-11 sz002668
2015-10-26 sz002121
2015-11-05 sz002600
2015-11-16 sz002049
2015-11-13 sz002387
2015-11-05 sz002166
2015-10-27 sz000676
2015-11-12 sz002343  Y
2015-10-19 sz300191  Y
2015-11-27 sz300228
2015-11-13 sz300157
2015-12-03 sz300288
2015-12-02 sz300467
2015-11-13 sz300108
