0.642160528771
2015-10-01
2015-10-14 sz002003 yes
2015-10-21 sz002671 yes
2015-10-22 sh600482 yes
2015-10-26 sz300431 yes
2015-10-27 sz300429 yes
2015-10-30 sz000566 yes
2015-10-30 sz000882 yes
2015-11-02 sh600604 yes
2015-11-02 sh600678 yes
2015-11-02 sz000676 yes
2015-11-02 sz002319 yes
2015-11-02 sz002369 yes
2015-11-02 sz002571 yes
2015-11-02 sz002685 yes
2015-11-02 sz002702 yes
2015-11-02 sz300163 yes
2015-11-02 sz300329 yes
2015-11-27 sz000812 yes
2015-12-02 sz300099 yes
2015-12-07 sz300189 yes
2015-12-14 sz002625 yes miaoban
