0.0515287669806
2015-12-24 sh600230 no
2015-12-24 sz000545 yes
2015-12-24 sz002145 no
2015-12-25 sh600035 yes
2015-12-25 sz000605 no
2015-12-28 sh600576 no
2015-12-28 sz002243 no
2015-12-29 sz002467 no
2016-01-05 sh600463 yes
2016-01-05 sh600734 yes
2016-01-05 sz000959 no
2016-01-05 sz002102 yes
2016-01-05 sz002677 yes
2016-01-07 sz002423 no
2016-01-08 sh600005 yes
2016-01-08 sh600019 yes
2016-01-08 sh600022 yes
2016-01-08 sh600123 yes
2016-01-08 sh600126 no
2016-01-08 sh600157 no
2016-01-08 sh600188 yes
2016-01-08 sh600307 no
2016-01-08 sh600348 yes
2016-01-08 sh600355 yes
2016-01-08 sh600395 yes
2016-01-08 sh600397 yes
2016-01-08 sh600403 yes
2016-01-08 sh600448 yes
2016-01-08 sh600508 yes
2016-01-08 sh600546 yes
2016-01-08 sh600569 yes
2016-01-08 sh600677 yes
2016-01-08 sh600782 yes
2016-01-08 sh600792 yes
2016-01-08 sh600808 yes
2016-01-08 sh600814 no
2016-01-08 sh600971 yes
2016-01-08 sh600988 yes
2016-01-08 sh600997 yes
2016-01-08 sh601001 yes
2016-01-08 sh601003 yes
2016-01-08 sh601005 yes
2016-01-08 sh601101 yes
2016-01-08 sh601225 yes
2016-01-08 sh601666 yes
2016-01-08 sh601699 yes
2016-01-08 sh601898 yes
2016-01-08 sh603936 no
2016-01-08 sz000025 yes
2016-01-08 sz000401 no
2016-01-08 sz000552 yes
2016-01-08 sz000629 no
2016-01-08 sz000709 yes
2016-01-08 sz000780 yes
2016-01-08 sz000807 yes
2016-01-08 sz000838 yes
2016-01-08 sz000899 no
2016-01-08 sz000932 yes
2016-01-08 sz000933 yes
2016-01-08 sz000937 yes
2016-01-08 sz000959 yes
2016-01-08 sz000983 yes
2016-01-08 sz002019 no
2016-01-08 sz002051 yes
2016-01-08 sz002086 no
2016-01-08 sz002128 yes
2016-01-08 sz002145 yes
2016-01-08 sz002155 yes
2016-01-08 sz002237 yes
2016-01-08 sz002355 yes
2016-01-08 sz002615 no
2016-01-08 sz002617 yes
2016-01-08 sz002654 yes
2016-01-08 sz002661 no
2016-01-08 sz002702 yes
2016-01-08 sz002768 yes
2016-01-08 sz300198 yes
2016-01-08 sz300301 no
2016-01-08 sz300310 no
2016-01-08 sz300466 yes
2016-01-12 sh601177 yes
2016-01-12 sz000933 no
2016-01-14 sh600303 no
2016-01-14 sh600318 yes
2016-01-14 sh600425 yes
2016-01-14 sz000779 yes
2016-01-14 sz002227 yes
2016-01-14 sz002407 yes
2016-01-14 sz002717 yes
2016-01-14 sz002751 yes
2016-01-14 sz300113 yes
2016-01-14 sz300122 yes
2016-01-14 sz300149 yes
2016-01-14 sz300262 yes
2016-01-14 sz300364 yes
2016-01-14 sz300376 yes
2016-01-14 sz300379 yes
2016-01-18 sh600652 yes
2016-01-18 sz000881 yes
2016-01-18 sz000971 no
2016-01-18 sz002127 no
2016-01-18 sz002355 yes
2016-01-18 sz002636 no
2016-01-18 sz002717 yes
2016-01-18 sz300005 no
2016-01-18 sz300097 yes
2016-01-18 sz300141 yes
2016-01-18 sz300202 no
2016-01-18 sz300276 yes
2016-01-18 sz300299 no
2016-01-18 sz300338 no
2016-01-18 sz300377 yes
2016-01-20 sz000048 no
2016-01-20 sz002355 yes
2016-01-21 sh600116 no
2016-01-21 sz002001 no
2016-01-21 sz002452 yes
2016-01-21 sz002562 no
2016-01-21 sz002626 no
2016-01-21 sz300294 no
2016-01-22 sh600074 yes
2016-01-22 sh600876 yes
2016-01-22 sz000795 yes
2016-01-22 sz300466 yes
2016-01-26 sz002416 no
2016-01-27 sh600532 yes
2016-01-27 sh600604 yes
2016-01-27 sh600689 yes
2016-01-27 sh601177 yes
2016-01-27 sh603996 yes
2016-01-27 sz000851 yes
2016-01-27 sz002189 yes
2016-01-27 sz002634 no
2016-01-27 sz002679 yes
2016-01-27 sz300191 yes
0.695042142461
2015-12-30 sh600081 no
2016-01-05 sh603398 yes
2016-01-07 sh603936 no
2016-01-12 sz300466 no
2016-01-15 sh600610 yes
2016-01-15 sh600651 no
2016-01-18 sz000576 yes
2016-01-19 sh600806 yes
2016-01-20 sz002703 yes
2016-01-20 sz300023 no
2016-01-20 sz300466 yes
2016-01-25 sh600610 no
2016-01-25 sh603025 yes
2016-01-28 sz002336 no
