19-07
2015-10-12 3193.540 3318.714 3287.662 3188.407 386294720
2015-10-13 3262.156 3298.626 3293.230 3253.249 297153120
2015-10-14 3280.020 3307.315 3262.441 3256.253 295077728
2015-10-15 3255.032 3338.297 3338.073 3254.392 316283840
2015-10-16 3358.297 3393.018 3391.352 3334.854 395460576
2015-10-19 3401.627 3423.402 3386.700 3355.566 378112192
2015-10-20 3377.547 3425.516 3425.330 3357.861 318973760
2015-10-21 3428.561 3447.258 3320.676 3265.436 458455424
2015-10-22 3292.291 3373.776 3368.739 3282.993 323739328
2015-10-23 3377.548 3422.022 3412.434 3360.218 347372864
2015-10-26 3448.649 3457.517 3429.581 3402.000 365560864
2015-10-27 3409.137 3441.565 3434.336 3332.616 328172768
2015-10-28 3417.011 3439.758 3375.196 3367.231 293523296
2015-10-29 3387.774 3411.714 3387.315 3362.509 235676032
2015-10-30 3380.284 3417.201 3382.561 3346.591 243595120
2015-11-02 3337.578 3391.064 3325.085 3322.312 230951136
2015-11-03 3330.316 3346.275 3316.695 3302.184 192897424
2015-11-04 3325.619 3459.646 3459.640 3325.619 339078720
2015-11-05 3459.215 3585.657 3522.819 3455.525 553254976
2015-11-06 3514.436 3596.382 3590.032 3508.827 429167040
2015-11-09 3588.498 3673.760 3646.881 3588.498 503016672
2015-11-10 3617.396 3669.533 3640.485 3607.891 429746560
2015-11-11 3635.004 3654.877 3650.249 3605.621 360972640
2015-11-12 3656.817 3659.315 3632.902 3603.228 361717600
2015-11-13 3600.764 3632.556 3580.839 3564.809 345870944
2015-11-16 3522.461 3607.612 3606.957 3519.421 276187072
2015-11-17 3629.977 3678.273 3604.795 3598.068 383575456
2015-11-18 3605.061 3617.069 3568.468 3558.697 297580736
2015-11-19 3573.776 3618.213 3617.062 3561.044 247915584
2015-11-20 3620.791 3640.529 3630.500 3607.915 310801984
2015-11-23 3630.867 3654.754 3610.315 3598.871 315997472
2015-11-24 3602.887 3616.484 3616.113 3563.104 248810528
2015-11-25 3614.068 3648.367 3647.930 3607.518 273024864
2015-11-26 3659.574 3668.376 3635.552 3629.865 306761568
2015-11-27 3616.544 3621.897 3436.303 3412.427 354287520
2015-11-30 3433.855 3470.371 3445.405 3327.812 304197888
2015-12-01 3442.441 3483.414 3457.711 3417.545 252390755
2015-12-02 3450.278 3538.847 3536.905 3427.661 301491488
2015-12-03 3525.727 3591.730 3585.440 3517.230 281111255
2015-12-04 3558.149 3568.970 3524.992 3510.412 251736416
2015-12-07 3529.806 3543.945 3536.829 3506.625 208302579
2015-12-08 3518.648 3518.648 3470.070 3466.790 224367312
2015-12-09 3462.583 3495.702 3472.439 3454.879 195698845
2015-12-10 3469.806 3503.654 3455.495 3446.273 200427520
2015-12-11 3441.597 3455.548 3434.581 3410.924 182908880
2015-12-14 3403.507 3521.779 3520.668 3399.280 215374624
2015-12-15 3518.126 3529.961 3510.354 3496.854 200471344
2015-12-16 3522.091 3538.689 3516.187 3506.291 193482304
2015-12-17 3533.628 3583.408 3579.999 3533.628 283856480
2015-12-18 3574.940 3614.698 3578.964 3568.161 273707904
2015-12-21 3568.581 3651.056 3642.472 3565.751 299849280
2015-12-22 3645.990 3652.635 3651.767 3616.870 261178763
2015-12-23 3653.282 3684.567 3636.089 3633.025 298201792
2015-12-24 3631.313 3640.221 3612.485 3572.277 227785232
2015-12-25 3614.054 3635.256 3627.914 3601.738 198451111
2015-12-28 3635.769 3641.588 3533.779 3533.779 269983278
2015-12-29 3528.395 3564.171 3563.736 3515.520 182551923
2015-12-30 3566.731 3573.684 3572.876 3538.112 187889609
2015-12-31 3570.467 3580.602 3539.182 3538.353 176963659
2016-01-04 3536.589 3538.689 3296.258 3295.741 184418423
2016-01-05 3196.651 3328.139 3287.711 3189.605 266882083
2016-01-06 3291.195 3362.974 3361.840 3288.933 238886670
2016-01-07 3309.657 3309.657 3125.002 3115.885 70569123
2016-01-08 3194.625 3235.451 3186.412 3056.878 286440822
2016-01-11 3131.853 3166.215 3016.704 3016.697 271643691
2016-01-12 3026.159 3047.664 3022.861 2978.463 207659622
2016-01-13 3041.107 3059.015 2949.597 2949.290 194282106
2016-01-14 2874.049 3012.293 3007.649 2867.553 212905644
2016-01-15 2988.048 3001.708 2900.970 2883.868 198721697
2016-01-18 2847.539 2945.450 2913.837 2844.704 164699694
2016-01-19 2914.408 3012.068 3007.739 2906.404 205279703
2016-01-20 2993.014 3016.283 2976.694 2951.922 216505474
2016-01-21 2934.391 2998.790 2880.482 2880.085 191675668
2016-01-22 2911.112 2931.359 2916.562 2851.733 159810734
2016-01-25 2934.078 2955.783 2938.515 2911.829 153039057
2016-01-26 2907.718 2911.991 2749.785 2743.839 210836054
2016-01-27 2756.082 2768.772 2735.558 2638.302 215722046
2016-01-28 2711.158 2740.536 2655.661 2647.493 171120280
2016-01-29 2652.854 2755.367 2737.600 2649.791 186673106
2016-02-01 2730.984 2735.255 2688.854 2655.623 156383744
2016-02-02 2687.982 2755.159 2749.570 2687.982 158078211
2016-02-03 2719.574 2746.072 2739.247 2696.884 148397217
2016-02-04 2751.432 2793.298 2781.023 2751.314 170382018
2016-02-05 2783.076 2790.061 2763.492 2762.160 141186284
2016-02-15 2684.961 2760.359 2746.196 2682.090 129263932
2016-02-16 2758.579 2840.622 2836.571 2758.579 195961614
2016-02-17 2829.764 2868.701 2867.338 2824.356 216909925
2016-02-18 2881.777 2893.215 2862.893 2857.699 219203873
2016-02-19 2854.904 2872.724 2860.021 2840.488 163391413
2016-02-22 2888.598 2933.964 2927.175 2880.347 232176042
2016-02-23 2925.708 2928.048 2903.331 2872.282 199740663
2016-02-24 2889.885 2929.871 2928.896 2872.274 213410384
2016-02-25 2922.237 2922.237 2741.245 2729.851 270284416
2016-02-26 2760.058 2784.753 2767.210 2715.874 191110472
2016-02-29 2754.814 2755.890 2687.979 2638.963 207410709
2016-03-01 2688.380 2747.562 2733.170 2668.757 187207443
2016-03-02 2733.767 2852.700 2849.681 2732.539 270961783
2016-03-03 2847.331 2878.445 2859.758 2840.874 287478210
2016-03-04 2848.538 2880.372 2874.147 2808.849 312495169
2016-03-07 2886.640 2911.839 2897.340 2871.346 217466836
2016-03-08 2895.666 2902.621 2901.387 2802.563 233482661
2016-03-09 2839.411 2863.015 2862.556 2811.718 183355383
2016-03-10 2847.567 2863.176 2804.726 2803.476 138979461
2016-03-11 2781.600 2815.607 2810.307 2772.551 127247554
2016-03-14 2830.084 2889.816 2859.499 2823.028 194816030
2016-03-15 2853.978 2865.787 2864.368 2819.795 163386667
2016-03-16 2858.709 2881.529 2870.430 2854.192 186492535
2016-03-17 2875.411 2921.000 2904.832 2857.191 200290213
2016-03-18 2915.518 2971.551 2955.150 2908.742 313332735
2016-03-21 2978.455 3028.322 3018.802 2973.758 352400438
2016-03-22 3001.630 3019.101 2999.363 2988.426 270377322
2016-03-23 2991.169 3012.560 3009.960 2980.855 216977462
2016-03-24 2986.801 2998.154 2960.970 2960.537 237006403
2016-03-25 2956.200 2981.408 2979.434 2952.106 175074344
2016-03-28 2988.010 3008.168 2957.820 2948.526 202021241
2016-03-29 2956.705 2962.203 2919.832 2905.251 182965345
2016-03-30 2941.218 3001.106 3000.645 2941.218 210371451
2016-03-31 3009.367 3023.409 3003.915 2992.916 220413445
2016-04-01 2997.088 3009.673 3009.530 2956.247 206545866
2016-04-05 3000.938 3057.330 3053.065 2993.148 256730344
2016-04-06 3039.745 3059.794 3050.592 3029.005 232262051
2016-04-07 3058.339 3062.358 3008.420 3007.060 220919506
2016-04-08 2988.200 2996.171 2984.958 2960.460 187904633
2016-04-11 3006.909 3048.977 3033.957 3006.909 220018324
2016-04-12 3031.301 3036.825 3023.646 3001.315 182718668
2016-04-13 3041.358 3097.165 3066.638 3041.358 310003246
2016-04-14 3080.090 3086.698 3082.362 3056.989 208237830
2016-04-15 3085.026 3089.951 3078.117 3066.872 189613051
2016-04-18 3058.463 3058.463 3033.660 3022.970 183304512
2016-04-19 3047.133 3054.503 3042.823 3024.895 156533200
2016-04-20 3050.381 3055.689 2972.584 2905.049 283144219
2016-04-21 2954.370 2990.673 2952.891 2943.464 189406849
2016-04-22 2933.035 2960.209 2959.240 2926.776 137211668
2016-04-25 2949.973 2954.092 2946.670 2917.020 125856243
2016-04-26 2944.716 2965.429 2964.700 2933.971 117711604
2016-04-27 2967.190 2976.022 2953.671 2949.432 130867640
2016-04-28 2955.742 2959.512 2945.589 2916.374 138663274
2016-04-29 2935.376 2950.576 2938.324 2930.357 109310628
2016-05-03 2940.392 2993.535 2992.643 2929.815 168703643
2016-05-04 2983.027 3004.418 2991.272 2978.330 165407106
2016-05-05 2987.022 2999.118 2997.842 2977.200 144831383
2016-05-06 2998.402 3003.590 2913.248 2913.036 206796498
2016-05-09 2896.162 2896.162 2832.113 2821.826 180378330
2016-05-10 2822.327 2845.238 2832.591 2820.164 120829310
2016-05-11 2843.545 2857.254 2837.037 2818.699 135795466
2016-05-12 2812.108 2839.276 2835.862 2781.236 136337655
2016-05-13 2828.462 2850.093 2827.109 2814.115 114319710
2016-05-16 2816.775 2851.229 2850.862 2804.991 114653592
2016-05-17 2850.926 2860.321 2843.684 2832.459 123369064
2016-05-18 2828.178 2828.255 2807.514 2781.417 140487826
2016-05-19 2802.315 2829.402 2806.906 2801.548 111595071
2016-05-20 2792.888 2825.952 2825.483 2785.080 108700899
2016-05-23 2826.312 2848.071 2843.645 2826.256 120470455
2016-05-24 2839.682 2839.695 2821.666 2807.188 111452445
2016-05-25 2835.029 2843.165 2815.086 2807.749 103527265
2016-05-26 2813.543 2827.092 2822.443 2780.763 114766797
2016-05-27 2817.968 2832.799 2821.046 2809.799 109845823
2016-05-30 2814.651 2830.970 2822.451 2794.661 106319589
2016-05-31 2822.593 2917.135 2916.616 2822.593 215260341
2016-06-01 2917.154 2929.076 2913.508 2909.512 188386421
2016-06-02 2911.219 2925.670 2925.229 2906.524 159716916
2016-06-03 2929.788 2945.519 2938.682 2915.185 172021023
2016-06-06 2940.994 2945.942 2934.098 2922.283 141993742
2016-06-07 2936.282 2938.444 2936.045 2923.502 132987867
2016-06-08 2932.376 2937.986 2927.159 2908.367 143046071
2016-06-13 2897.273 2911.158 2833.071 2832.507 169255434
2016-06-14 2824.229 2843.456 2842.189 2822.061 119755274
2016-06-15 2814.693 2894.264 2887.210 2811.781 166671069
2016-06-16 2878.402 2887.743 2872.817 2865.388 173882767
2016-06-17 2873.009 2900.299 2885.105 2872.185 171472517
2016-06-20 2887.636 2891.658 2888.809 2864.020 136571051
2016-06-21 2898.384 2919.302 2878.558 2869.176 164359089
2016-06-22 2872.734 2905.978 2905.550 2869.513 130590424
2016-06-23 2902.398 2904.112 2891.960 2878.661 136137375
2016-06-24 2883.759 2899.569 2854.286 2807.598 190842609
2016-06-27 2840.559 2895.731 2895.703 2840.277 156697472
2016-06-28 2885.011 2913.582 2912.557 2878.824 173871047
2016-06-29 2918.534 2933.997 2931.592 2915.062 193215586
2016-06-30 2931.481 2938.137 2929.606 2922.312 154464930
2016-07-01 2931.802 2944.989 2932.476 2925.810 141246227
2016-07-04 2924.293 2992.498 2988.604 2922.520 222017132
2016-07-05 2991.752 3010.275 3006.392 2990.642 235204450
2016-07-06 2998.521 3017.652 3017.292 2984.828 212370920
2016-07-07 3009.353 3024.109 3016.847 2994.643 222681667
2016-07-08 3000.326 3001.551 2988.094 2983.881 168986859
2016-07-11 2993.749 3022.944 2994.917 2990.907 224338224
2016-07-12 2992.520 3049.681 3049.381 2984.421 259486295
2016-07-13 3049.513 3069.047 3060.689 3048.199 253659384
2016-07-14 3054.975 3057.046 3054.018 3036.523 180194804
2016-07-15 3056.682 3062.683 3054.296 3044.538 172866398
2016-07-18 3047.637 3058.321 3043.564 3031.639 177496562
2016-07-19 3040.226 3043.600 3036.598 3014.289 155361466
2016-07-20 3034.714 3042.997 3027.900 3022.631 138242815
2016-07-21 3027.604 3053.334 3039.009 3027.368 163767370
2016-07-22 3038.118 3039.270 3012.816 3007.457 162010181
2016-07-25 3008.094 3027.123 3015.828 3003.292 144206582
2016-07-26 3014.040 3050.615 3050.166 3013.802 156694506
2016-07-27 3050.368 3057.424 2991.999 2939.227 280160915
2016-07-28 2980.501 3003.363 2994.323 2968.182 190564950
2016-07-29 2992.536 3000.055 2979.339 2972.917 150101534
2016-08-01 2971.949 2972.875 2953.385 2931.963 147407763
2016-08-02 2950.080 2971.279 2971.279 2946.637 115468900
2016-08-03 2963.215 2981.156 2978.461 2956.786 141141332
2016-08-04 2976.410 2982.860 2982.426 2958.933 133933301
2016-08-05 2978.778 2991.677 2976.696 2971.564 141857101
2016-08-08 2972.625 3004.718 3004.277 2959.048 155729833
2016-08-09 3001.306 3025.911 3025.681 2998.677 169995446
2016-08-10 3023.472 3033.196 3018.746 3017.090 164675165
2016-08-11 3013.678 3038.048 3002.638 3001.168 161879481
2016-08-12 3000.273 3051.054 3050.667 2999.039 168173657
2016-08-15 3056.484 3137.476 3125.195 3053.871 297616506
2016-08-16 3130.533 3140.441 3110.037 3102.065 278328934
2016-08-17 3106.991 3114.255 3109.555 3090.281 213839637
2016-08-18 3107.753 3125.581 3104.114 3093.317 229359081
2016-08-19 3100.391 3113.344 3108.102 3082.771 194347453
2016-08-22 3107.381 3112.740 3084.805 3083.593 185387927
2016-08-23 3081.572 3101.110 3089.706 3073.529 161368965
2016-08-24 3092.020 3097.148 3085.880 3079.548 145707440
2016-08-25 3073.444 3073.444 3068.329 3041.505 174032980
2016-08-26 3069.850 3087.652 3070.309 3063.894 149663901
2016-08-29 3068.460 3074.943 3070.027 3058.785 144500007
2016-08-30 3071.440 3082.988 3074.677 3065.971 140434811
2016-08-31 3072.916 3087.698 3085.491 3063.396 141368609
2016-09-06 3071.055 3095.509 3090.713 3053.187 172908524
2016-09-07 3091.329 3105.678 3091.928 3087.879 186956763
2016-09-08 3089.953 3096.783 3095.954 3083.902 145883771
2016-09-09 3095.427 3101.792 3078.855 3078.218 160692924
2016-09-12 3037.507 3040.952 3021.977 2999.929 206012086
2016-09-13 3025.035 3029.721 3023.510 3008.741 135387580
2016-09-14 3008.904 3017.945 3002.849 2995.416 133413401
2016-09-19 3005.323 3026.651 3026.051 3005.323 119225027
2016-09-20 3027.172 3027.817 3023.000 3015.880 118924117
2016-09-21 3021.576 3032.450 3025.874 3017.541 115721213
2016-09-22 3038.422 3054.435 3042.313 3035.070 139309554
2016-09-23 3044.786 3046.805 3033.896 3032.802 125590976
2016-09-26 3028.243 3028.243 2980.430 2980.117 144330286
2016-09-27 2974.593 2998.233 2998.172 2969.132 121701450
2016-09-28 3000.695 3000.695 2987.858 2984.321 104625697
2016-09-29 2992.168 3009.198 2998.483 2991.909 113213919
2016-09-30 2994.251 3009.195 3004.703 2993.062 101333562
2016-10-10 3020.457 3048.236 3048.143 3014.620 160051104
2016-10-11 3051.622 3066.104 3065.250 3048.018 167273496
2016-10-12 3057.316 3060.514 3058.498 3048.888 142493577
2016-10-13 3057.972 3064.999 3061.346 3052.640 154756725
2016-10-14 3056.993 3064.790 3063.809 3043.184 155373705
2016-10-17 3064.691 3068.812 3041.166 3033.753 163733265
2016-10-18 3037.404 3084.187 3083.875 3037.404 182042460
2016-10-19 3085.749 3096.223 3084.719 3076.771 182470143
2016-10-20 3084.908 3089.682 3084.458 3076.295 160691364
2016-10-21 3081.389 3101.849 3090.941 3069.267 187388072
2016-10-24 3092.047 3137.034 3128.247 3090.786 240522349
2016-10-25 3127.968 3132.505 3131.939 3121.050 203380898
2016-10-26 3129.838 3129.838 3116.312 3110.387 191663263
2016-10-27 3112.603 3114.759 3112.350 3100.392 158008789
2016-10-28 3111.704 3128.643 3104.270 3101.237 181774123
2016-10-31 3097.188 3102.302 3100.492 3081.072 151506764
2016-11-01 3101.664 3122.615 3122.436 3097.042 160232032
2016-11-02 3115.729 3118.977 3102.733 3099.820 182722067
2016-11-03 3096.765 3140.930 3128.936 3094.103 222986260
2016-11-04 3126.349 3141.334 3125.317 3119.535 197683197
2016-11-07 3124.892 3139.202 3133.333 3117.096 179418490
2016-11-08 3140.944 3156.881 3147.888 3134.955 190846979
2016-11-09 3146.078 3146.950 3128.370 3096.947 241114958
2016-11-10 3148.544 3172.309 3171.282 3148.544 244192602
2016-11-11 3169.401 3202.740 3196.044 3166.070 310854579
2016-11-14 3187.709 3221.458 3210.371 3186.796 329608313
2016-11-15 3209.955 3214.292 3206.986 3195.035 240886350
2016-11-16 3208.497 3210.893 3205.057 3195.411 221766993
2016-11-17 3198.499 3211.053 3208.453 3187.206 214206240
2016-11-18 3207.193 3212.394 3192.856 3187.496 209826639
2016-11-21 3188.496 3229.757 3218.148 3188.280 230652844
