2015-12-16
2015-12-16 sh600604 yes
2015-12-16 sz300277 yes
2015-12-16 sz300211 yes
2015-12-16 sz002273 no
2015-12-16 sh600735 no
2015-12-16 sh600734 yes
2015-12-16 sz002722 yes
2015-12-16 sz300236 yes
2015-12-16 sz002676 no
2015-12-16 sz000687 yes
2015-12-16 sz300153 yes
2015-12-16 sz300419 no
2015-12-16 sz300368 yes
2015-12-16 sh603318 yes
2015-12-16 sz000835 no
2015-12-16 sz300299 yes
2015-12-16 sz002761 yes
2015-12-16 sh601599 no
2015-12-16 sz300333 no
2015-12-16 sz002175 yes
2015-12-16 sz300031 no
2015-12-16 sz300329 no
2015-12-16 sz002445 yes
