2015-06-21
2015-04-08
['09:30:25,0.989930555556,sz300184', '09:31:25,1.00508187465,sh600353', '09:31:58,1.01380936342,sz300429', '09:33:55,1.01143359719,sz002113', '09:34:52,1.05448717949,sz300018', '09:43:02,1.05300520587,sz000967']
0.989930555556
2015-04-09
['09:36:36,1.0,sh600126', '09:50:50,1.09032826614,sz300388']
0.989930555556
2015-04-10
['10:20:31,1.00298864316,sh600654']
0.99288910474
2015-04-13
['09:31:51,1.06892214816,sz002174', '11:23:30,0.958691341705,sz300435']
1.06132115472
2015-04-15
['10:49:51,1.0999475341,sz002044', '10:50:54,0.899934881702,sz300173']
1.16739758703
2015-04-17
['09:30:55,1.09996662216,sz002747', '09:31:52,1.02712348323,sz300243']
1.28409838052
2015-04-20
['10:14:23,1.08382419574,sz000971']
1.39173689452
2015-04-23
['09:32:56,1.0,sz000070']
1.39173689452
2015-04-24
['09:41:56,1.02685624013,sz000591', '09:46:55,1.03397302905,sh603003', '10:00:54,1.02115003305,sz000969']
1.42911371475
2015-04-27
['09:35:50,1.09765142151,sh600725']
1.5686687005
2015-04-28
['09:36:52,0.976253298153,sz002446']
1.53141799257
2015-04-29
['09:34:47,1.02286401925,sh601669']
1.56643236303
2015-05-04
['09:32:46,0.862838158519,sh600090']
1.35157761556
2015-05-05
['09:31:54,0.97280565996,sz002517', '09:42:55,0.956571647216,sz300339', '09:44:55,0.945758799769,sz000889']
1.3148223543
2015-05-07
['09:32:55,1.08818726184,sz002491', '09:38:55,1.01110777544,sz300441']
1.43077293753
2015-05-14
['10:36:55,0.876698014629,sz002625']
1.25435579372
2015-05-15
['09:34:54,1.02074051314,sz002491', '09:40:54,1.09999027332,sz300348']
1.28037177654
2015-05-18
['09:32:48,1.09811827957,sh600179', '09:35:48,1.01666666667,sh600438']
1.40599965246
2015-05-19
['09:31:53,1.09995060102,sz002698']
1.54653016276
2015-05-20
['09:32:52,1.09994739611,sh600503']
1.70110182553
2015-05-21
['09:37:51,1.09390821493,sz300001']
1.86084926138
2015-05-22
['09:31:53,0.900022441652,sz002131', '14:45:54,0.981735159817,sz300186']
1.67480609577
2015-05-25
['09:32:53,1.09508787742,sz002093', '09:34:53,1.07270560191,sz000928', '09:35:53,1.03402646503,sz002119', '09:36:50,1.09997917101,sz300438', '09:36:50,1.10001320306,sz300447']
1.83405985251
2015-05-26
['09:36:51,1.0465648855,sh600584', '10:01:49,1.10008288438,sh600959']
1.91946263954
2015-05-27
['09:31:52,1.05042016807,sz002513', '09:31:52,1.10006822834,sz000062', '09:33:49,1.07193229901,sz000005']
2.01624226843
2015-05-28
['09:31:50,0.946910897237,sh600785', '09:32:50,0.995252008766,sz300085', '14:50:54,1.06873111782,sz300112', '14:55:37,1.07353730542,sh600293']
1.90920177545
2015-05-29
['09:36:50,1.10023310023,sh601777', '09:42:46,1.09252304541,sh600522', '09:51:48,1.100249066,sh600696']
2.10056698837
2015-06-01
['09:31:54,1.04389086595,sz002121']
2.19276269247
2015-06-03
['09:30:48,1.07589415528,sh603989', '09:31:48,1.0,sh600076', '09:35:54,1.01129639591,sz002660', '09:36:54,1.04552183568,sz002756']
2.35918056475
2015-06-04
['09:32:53,1.05115219043,sz002471', '09:33:53,0.859658932066,sz300038', '09:52:49,1.02205486821,sh600257', '13:08:53,1.0101010101,sz300192', '13:09:48,1.00265251989,sh600083']
2.47985781825
2015-06-08
['09:32:51,0.947867298578,sz300068', '09:39:51,0.972408914043,sz002139', '10:27:51,0.899966803143,sz300457']
2.35057613105
2015-06-09
['09:42:49,1.0168090383,sh603227']
2.39008705526
2015-06-10
['09:37:53,0.997972972973,sz300185', '09:44:49,1.03948717949,sh600797']
2.3852422842
2015-06-11
['09:31:52,1.09994447529,sz300040']
2.62363407274
2015-06-12
['09:32:53,1.09996645421,sz002717']
2.88590946813
2015-06-15
['09:34:51,0.900038299502,sh603311', '09:36:54,0.933246414602,sz002630']
2.59742905022
2015-06-16
['09:33:51,0.900096246391,sz300213', '09:42:54,1.00134509042,sz000938']
2.33793613837
2015-06-17
['09:33:52,0.921722113503,sh603300']
2.15492743869
2015-06-18
['09:49:49,0.848833942119,sh603026', '14:50:53,0.977026670187,sz000411']
1.82917555276
