2015-06-22
2015-04-08
['09:31:25,1.00508187465,sh600353', '09:31:58,1.01380936342,sz300429', '09:33:55,1.01143359719,sz002113', '09:34:52,1.05448717949,sz300018', '09:43:02,1.05300520587,sz000967']
1.00508187465
2015-04-09
['09:36:36,1.0,sh600126', '09:50:50,1.09032826614,sz300388']
1.00508187465
2015-04-13
['09:31:51,1.06892214816,sz002174']
1.07435427653
2015-04-15
['10:49:51,1.0999475341,sz002044', '10:50:54,0.899934881702,sz300173']
1.18173333722
2015-04-17
['09:31:52,1.02712348323,sz300243']
1.21378606157
2015-04-23
['09:32:56,1.0,sz000070']
1.21378606157
2015-04-24
['09:41:56,1.02685624013,sz000591', '09:46:55,1.03397302905,sh603003']
1.24638379151
2015-04-28
['09:36:52,0.976253298153,sz002446']
1.21678628722
2015-04-29
['09:34:47,1.02286401925,sh601669']
1.24460691232
2015-05-04
['09:32:46,0.862838158519,sh600090']
1.0738943363
2015-05-05
['09:44:55,0.945758799769,sz000889']
1.01564501858
2015-05-07
['09:32:55,1.08818726184,sz002491', '09:38:55,1.01110777544,sz300441']
1.10521197177
2015-05-14
['10:36:55,0.876698014629,sz002625']
0.968937141396
2015-05-15
['09:34:54,1.02074051314,sz002491', '09:40:54,1.09999027332,sz300348']
0.989033394909
2015-05-18
['09:32:48,1.09811827957,sh600179', '09:35:48,1.01666666667,sh600438']
1.08607565005
2015-05-19
['09:31:53,1.09995060102,sz002698']
1.19462956403
2015-05-21
['09:37:51,1.09390821493,sz300001']
1.30681509389
2015-05-22
['09:31:53,0.900022441652,sz002131', '14:45:54,0.981735159817,sz300186']
1.17616291159
2015-05-26
['10:01:49,1.10008288438,sh600959']
1.29387668829
2015-05-27
['09:31:52,1.10006822834,sz000062']
1.42335263617
2015-06-01
['09:31:54,1.04389086595,sz002121']
1.48582481593
2015-06-10
['09:37:53,0.997972972973,sz300185']
1.48281300887
2015-06-12
['09:32:53,1.09996645421,sz002717']
1.63104456762
2015-06-15
['09:34:51,0.900038299502,sh603311', '09:36:54,0.933246414602,sz002630']
1.46800257905
2015-06-17
['09:33:52,0.921722113503,sh603300']
1.35309043979
2015-06-18
['09:49:49,0.848833942119,sh603026', '14:50:53,0.977026670187,sz000411']
1.14854909205
