2015-12-16
2015-12-03 sh600338 Y
2015-12-07 sz300317 Y
2015-12-14 sz300261 N
2015-11-09 sz002357 Y
2015-08-18 sz000993 
2015-12-10 sh600666 Y
2015-08-21 sz000526
2015-12-08 sz002558 Y
2015-09-14 sz002027 
2015-11-27 sh600392 N
2015-11-26 sh600735 Y
2015-08-11 sz002464 Y
2015-11-25 sz002464 Y
2015-10-19 sz300191 Y
2015-10-21 sz002316 Y
2015-12-02 sh600053 N
2015-12-10 sh600745 Y
2015-11-20 sz002535 Y
2015-10-27 sz002432 Y
2015-12-15 sz002070 N
2015-08-18 sz000564
2015-12-10 sz002667 Y
2015-12-01 sh600165 N
2015-09-21 sh600575 N
2015-12-14 sz002604 N
2015-11-05 sz002600 Y
2015-11-13 sz300157 N
2015-11-16 sz002049 Y
2015-11-19 sh600967 N
2015-11-13 sz002387 N
2015-10-27 sh600207 Y
2015-11-16 sh600151 Y
2015-12-07 sz300178 Y
2015-12-03 sz300288 Y
2015-12-15 sz002629 Y
2015-08-18 sz000038
2015-11-12 sz002343 Y
