2001-06-01
2001-06-04 1.0 1.0
2001-07-02 1.018242 0.99843069189
2001-08-01 0.921574 0.86570050047
2001-09-03 0.874559 0.823639445841
2001-10-08 0.852421 0.79415533902
2001-11-01 0.835231 0.760979536042
2001-12-03 0.849202 0.787374489076
2002-01-04 0.807655 0.739004725911
2002-02-01 0.711822 0.672050577586
2002-03-01 1.007139 0.68416887374
2002-04-01 0.983645 0.718567747796
2002-05-08 0.999397 0.750871213313
2002-06-03 0.959499 0.679096726037
2002-07-01 1.134595 0.780737529846
2002-08-01 1.051102 0.741958982153
2002-09-02 1.060803 0.749283918864
2002-10-08 1.000372 0.709133912793
2002-11-01 0.954448 0.677806206186
2002-12-02 0.95459 0.643924439388
2003-01-02 0.907196 0.60588333161
2003-02-10 1.035323 0.67411451003
2003-03-03 1.026072 0.679694771821
2003-04-01 1.037335 0.680333286869
2003-05-08 1.059952 0.678674047061
2003-06-02 1.100432 0.709556591769
2003-07-01 1.059537 0.667976671718
2003-08-01 1.066163 0.663907262434
2003-09-01 1.067229 0.640021403744
2003-10-08 1.049338 0.614323421361
2003-11-03 1.000472 0.605456156049
2003-12-01 0.978725 0.628941818689
2004-01-02 0.852419 0.671214212805
2004-02-02 0.903906 0.733235607556
2004-03-01 1.031124 0.753726544689
2004-04-01 1.028451 0.784523654285
2004-05-10 1.013403 0.719736859855
2004-06-01 1.018272 0.699470751964
2004-07-01 0.846383 0.628712492862
2004-08-02 0.753397 0.621374066397
2004-09-01 0.757915 0.602879612934
2004-10-08 0.742783 0.627574856896
2004-11-01 0.592872 0.59249699853
2004-12-01 0.630374 0.602956054876
2005-01-04 0.571267 0.566920423938
2005-02-01 0.531717 0.534868767171
2005-03-01 0.561133 0.586916736738
2005-04-01 0.558847 0.530763385209
2005-05-09 0.557137 0.521882630142
2005-06-01 0.545873 0.476462626635
2005-07-01 0.517369 0.484421581809
2005-08-01 0.481786 0.486890206888
2005-09-01 0.587277 0.523267578274
2005-10-10 0.653233 0.518758402993
2005-11-01 0.622652 0.490881825254
2005-12-01 0.634231 0.494077548102
2006-01-04 0.585022 0.523347617485
2006-02-06 0.559402 0.567920014749
2006-03-01 0.656254 0.584175618618
2006-04-03 0.595627 0.58396427913
2006-05-08 0.595627 0.650652229632
2006-06-01 0.788513 0.737292876061
2006-07-03 0.838471 0.754217122096
2006-08-01 0.82909 0.728282619351
2006-09-01 0.908272 0.745830541704
2006-10-09 1.007012 0.795060951208
2006-11-01 0.97994 0.826778062062
2006-12-01 0.964025 0.94711341736
2007-01-04 0.881461 1.22675288119
2007-02-01 0.991426 1.23422890315
2007-03-01 1.267977 1.29375874024
2007-04-02 1.583961 1.43737246561
2007-05-08 1.583961 1.77072723267
2007-06-01 2.169544 1.85287534118
2007-07-02 2.211341 1.70880701108
2007-08-01 2.644256 2.01841531357
2007-09-03 3.490479 2.36420403703
2007-10-08 3.722583 2.55554856087
2007-11-01 3.346853 2.68848064895
2007-12-03 3.481886 2.17570135482
2008-01-02 4.998477 2.36745192027
2008-02-01 4.934174 1.97321564272
2008-03-03 5.276723 1.9441874896
2008-04-01 4.680079 1.55630623541
2008-05-05 4.589785 1.68163145091
2008-06-02 4.737588 1.54061989919
2008-07-01 3.732943 1.23348696665
2008-08-01 4.006254 1.2370194837
2008-09-01 3.235526 1.070397633
2008-10-01 3.153773 1.070397633
2008-11-03 2.509528 0.770608073168
2008-12-01 2.937082 0.838947169625
2009-01-05 3.452143 0.83142753079
2009-02-02 3.901906 0.902974490874
2009-03-02 4.445246 0.929097400524
2009-04-01 5.660673 1.07062740848
2009-05-04 6.214273 1.11815900823
2009-06-01 6.518338 1.19986869972
2009-07-01 9.307699 1.32656852121
2009-08-03 9.82066 1.54219055627
2009-09-01 8.517176 1.19122086775
2009-10-09 9.043455 1.2770890009
2009-11-02 9.477003 1.31921570567
2009-12-01 11.406444 1.43488630385
2010-01-04 11.376387 1.47926399899
2010-02-01 11.02793 1.34060011421
2010-03-01 11.647829 1.3746086847
2010-04-01 11.662234 1.39930797559
2010-05-04 11.333471 1.26864576354
2010-06-01 10.380444 1.15911300367
2010-07-01 9.68073 1.07645857971
2010-08-02 10.538301 1.18521298074
2010-09-01 10.34356 1.18757188915
2010-10-08 10.280613 1.20564816022
2010-11-01 10.873202 1.34307863178
2010-12-01 10.616861 1.26378450567
2011-01-04 10.590374 1.27043315602
2011-02-01 10.529525 1.2568273896
2011-03-01 10.678783 1.30683570828
2011-04-01 11.06904 1.31861496194
2011-05-03 11.29204 1.30918517386
2011-06-01 10.913089 1.23074090228
2011-07-01 10.60495 1.24458004146
2011-08-01 10.03609 1.212987486
2011-09-01 9.612083 1.1555319235
2011-10-10 8.930007 1.06257807195
2011-11-01 9.258042 1.10181212369
2011-12-01 9.097569 1.075801179
2012-01-04 8.220608 0.994642319159
2012-02-01 8.572376 1.02884828972
2012-03-01 9.191364 1.08762854612
2012-04-05 8.586256 1.01534279715
2012-05-02 8.919815 1.08866006268
2012-06-01 8.987971 1.06714030694
2012-07-02 8.760037 1.00468094482
2012-08-01 7.790854 0.945057578769
2012-09-03 8.336983 0.919472910325
2012-10-08 8.488708 0.937470041503
2012-11-01 9.069269 0.930802055839
2012-12-03 8.971559 0.889089036876
2013-01-04 9.756984 1.02949759658
2013-02-01 10.081004 1.06902437599
2013-03-01 9.950034 1.06323727129
2013-04-01 9.536837 1.00249560459
2013-05-02 9.539073 0.9761109937
2013-06-03 9.674952 1.0343084927
2013-07-01 8.367878 0.884022734733
2013-08-01 8.382673 0.899684789402
2013-09-02 8.85893 0.946121920401
2013-10-08 9.115435 0.976615060861
2013-11-01 9.128245 0.962215197557
2013-12-02 9.213248 0.990652499427
2014-01-02 8.997563 0.949735375982
2014-02-07 8.953488 0.909354695109
2014-03-03 8.895441 0.922732934336
2014-04-01 9.019492 0.91325863007
2014-05-05 8.689948 0.909289494629
2014-06-03 8.942479 0.916941782716
2014-07-01 8.941539 0.922350724625
2014-08-01 9.43495 0.986627156675
2014-09-01 9.870838 0.998299841271
2014-10-08 11.278371 1.0650502943
2014-11-03 12.247069 1.09052299778
2014-12-01 13.144278 1.21035698387
2015-01-05 15.207643 1.46526927798
2015-02-02 15.033959 1.41558606239
2015-03-02 15.486056 1.49858627373
2015-04-01 19.149554 1.68547288335
2015-05-04 21.511066 1.997087562
2015-06-01 21.931501 2.08331182467
2015-07-01 22.284671 1.89492830195
2015-08-03 20.099109 1.62551092445
2015-09-01 18.037315 1.41994595105
2015-10-08 17.559287 1.41915590109
2015-11-02 18.277943 1.50077026498
2015-12-01 18.474422 1.54792280263
2016-01-04 19.407327 1.59025724962
2016-02-01 16.297181 1.22801012631
2016-03-01 16.236292 1.20885287624
2016-04-01 17.367714 1.34766604764
2016-05-03 17.259743 1.32217221021
2016-06-01 16.495247 1.31172304635
2016-07-01 16.148621 1.31830964383
2016-08-01 16.274717 1.336362083
2016-09-01 16.881918 1.336362083
2016-10-10 16.601087 1.35817411676
2016-11-01 16.916526 1.3946895333
