2015-11-07
sz000567 mian
sz000562 mian
sz002668
sh603997
2015-11-06
sz000567 mian
sz000562 mian
sz002668
sh603997
2015-11-05
sz002722
sz000567
sz000562 mian
sz002668
sz002600
sz002166
2015-11-04
sz002722
sz000562 mian
2015-11-03
sz002722
sz000562 mian
2015-11-02
sz000562 mian
2015-11-01
sz000562 mian
sz002045 mian
sz002423
sh600207
2015-10-31
sz000562 mian
sz002045 mian
sz002423
sh600207
2015-10-30
sz000562 mian
sz002045 mian
sz002423
sh600207
2015-10-29
sz002432 mian
sz000562 mian
sh600207
2015-10-28
sz300076 mian
sz002432
sz000562 mian
sh600207
sz300355 mian
2015-10-27
sz002432
sz000562 mian
sz002614
sh600207
sz300299
sz000676
sz300247
2015-10-26
sh600604
sz000562 mian
sh600560
sz002121
sh600689
sz002043
sh600207
sz000676
sz000020 mian
2015-10-25
sz002702
sz300191
sz000562 mian
sz002121
sh600689
sz002043
sz002362
sz000676
sz000025
2015-10-24
sz002702
sz300191
sz000562 mian
sz002121
sh600689
sz002043
sz002362
sz000676
sz000025
2015-10-23
sz002702
sz300191
sz000562 mian
sz002121
sh600689
sz002043
sz002362
sz000676
sz000025
2015-10-22
sz002702
sz300191
sz000562 mian
sh600689
sh600052 mian
sz000676
sz000025
2015-10-21
sz002702
sz300191
sz002316 mian
sz002436 mian
sz000562 mian
sz000676
sz000025
2015-10-20
sz300191
sz000562 mian
sz000676
sz000025
2015-10-19
sh600478
sz300191
sz000562 mian
sz002123
sh600680 mian
sz000676
sz000025
sz300033
2015-10-18
sz300191
sz000562 mian
sz300092
sh600680
sz000005
sz000676
sz300033
2015-10-17
sz300191
sz000562 mian
sz300092
sh600680
sz000005
sz000676
sz300033
2015-10-16
sz300191
sz000562 mian
sz300092
sh600680
sz000005
sz000676
sz300033
2015-10-15
sz300191
sz000562 mian
sz300092
sz000676
sz300033
2015-10-14
sz300191
sz000562 mian
sz002114
sz300153
2015-10-13
sz300191
sz000562 mian
sz300153
sz300410
sz300141
2015-10-12
sz000562 mian
2015-10-11
sz000562 mian
2015-10-10
sz000562 mian
2015-10-09
sz000562 mian
2015-10-08
sz000562 mian
2015-10-07
sz000562 mian
2015-10-06
sz000562 mian
2015-10-05
sz000562 mian
2015-10-04
sz000562 mian
2015-10-03
sz000562 mian
2015-10-02
sz000562 mian
2015-10-01
sz000562 mian
2015-09-30
sz000562 mian
2015-09-29
sh600876
sz002242
sz000562 mian
sh600148
2015-09-28
sz000562 mian
2015-09-27
sz000562 mian
2015-09-26
sz000562 mian
2015-09-25
sz000562 mian
2015-09-24
sh600191 mian
sz002751 mian
sz002227 mian
sz002276 mian
sz000562 mian
sh601890
2015-09-23
sz000562 mian
sz000025
2015-09-22
sz000562 mian
sh603025
sz000025
2015-09-21
sz000562 mian
sz002280 mian
sh603025
sh600575 mian
sz000025
2015-09-20
sz000562 mian
sh603025
sz000025
2015-09-19
sz000562 mian
sh603025
sz000025
2015-09-18
sz000562 mian
sh603025
sz000025
2015-09-17
sh600604 mian
sz000562 mian
sz000025
2015-09-16
sh600604
sz000562 mian
2015-09-15
sh600604
sz000562 mian
2015-09-14
sh600604
sz002027
sz000562 mian
2015-09-13
sh600604
sh600708
sz002027
sz000562 mian
sh600680
sz300480
2015-09-12
sh600604
sh600708
sz002027
sz000562 mian
sh600680
sz300480
2015-09-11
sh600604
sh600708
sz002027
sz000562 mian
sh600680
sz300480
2015-09-10
sz002027
sz000562 mian
sh600774
sz300480
2015-09-09
sz000562 mian
2015-09-08
sz000562 mian
2015-09-07
sz000562 mian
2015-09-06
sz000562 mian
2015-09-05
sz000562 mian
2015-09-04
sz000562 mian
2015-09-03
sz000562 mian
2015-09-02
sz000562 mian
2015-09-01
sh600810 mian
sz000562 mian
2015-08-31
sz000562 mian
sz000609 mian
sh603223 mian
2015-08-30
sz000628
sz000562 mian
2015-08-29
sz000628
sz000562 mian
2015-08-28
sz000628
sz000562 mian
2015-08-27
sz000562 mian
2015-08-26
sz000562 mian
2015-08-25
sz000562 mian
2015-08-24
sz000562 mian
2015-08-23
sz000526 mian
sz000562 mian
2015-08-22
sz000526 mian
sz000562 mian
2015-08-21
sz000526 mian
sz000562 mian
2015-08-20
sz000526
sz000562 mian
sz000558 mian
sz300162 mian
2015-08-19
sz000526
sh600743
sz000562 mian
sz000558
2015-08-18
sz000993
sz002506 mian
sz000526
sh600876 mian
sh600868 mian
sz000564 mian
sz000562 mian
sz000558
sz002395 mian
sz000038
2015-08-17
sz002506
sh600067
sh601718
sz000526
sh600876
sh600868
sz000564
sz000562 mian
sh600838
sz002395
sh600081
sz000029
2015-08-16
sz000526
sh600868
sz000564
sz000562 mian
sh600838
sz002728
sz002395
sh600081
2015-08-15
sz000526
sh600868
sz000564
sz000562 mian
sh600838
sz002728
sz002395
sh600081
2015-08-14
sz000526
sh600868
sz000564
sz000562 mian
sh600838
sz002728
sz002395
sh600081
2015-08-13
sh600868
sz000564
sz000562 mian
sh600838
sz002066 mian
sh600081
2015-08-12
sz002334
sh600868
sz000564
sz000562 mian
sh600838
sz002607 mian
sz002517 mian
2015-08-11
sz002464
sz002350
sz000564
sz000562 mian
sz002188
2015-08-10
sz002270
sz002464
sh603616 mian
sz000562 mian
sh600680
sz002188
2015-08-09
sz002464
sh603616
sz002070
sz000562 mian
sh600680
sz002188
2015-08-08
sz002464
sh603616
sz002070
sz000562 mian
sh600680
sz002188
2015-08-07
sz002464
sh603616
sz002070
sz000562 mian
sh600680
sz002188
2015-08-06
sz002464
sh603616
sz000562 mian
sz002458 mian
2015-08-05
sz002464
sh603616
sz000562 mian
sz300368 mian
2015-08-04
sh603117 mian
sz002464
sz000562 mian
sh603838 mian
sz300368
sz002151
sz300480 mian
2015-08-03
sz000863
sh603117
sz002464
sz000562 mian
sh603838
sz300368
sz300480
2015-08-02
sz000863
sz000562 mian
sh603838
sz300480
2015-08-01
sz000863
sz000562 mian
sh603838
sz300480
2015-07-31
sz000863
sz000562 mian
sh603838
sz300480
2015-07-30
sz000863
sz002723 mian
sz000562 mian
sz300480
2015-07-29
sz002723
sz000562 mian
sz002548
sz300480
2015-07-28
sz300095
sz000562 mian
sz002548
sz300293 mian
sz300480
2015-07-27
sz002537 mian
sz002229 mian
sz300019 mian
sz000981 mian
sz300401
sz002074 mian
sz000562 mian
sz002593 mian
sz002584
sz002548
sz002421 mian
sz300364 mian
sh600890 mian
sz002167 mian
sz300480
2015-07-26
sz002231 mian
sz300268 mian
sz002680
sz002229
sz300450 mian
sh600280
sz300227
sz300401
sz300459
sz000562 mian
sz002734
sz002635
sz300364
sz300356
sz300350 mian
sz000005 mian
sz002167
sh601599
sz000670
sz300245
sz300038
sz300326
sz300480
sz002341
2015-07-25
sz002231 mian
sz300268 mian
sz002680
sz002229
sz300450 mian
sh600280
sz300227
sz300401
sz300459
sz000562 mian
sz002734
sz002635
sz300364
sz300356
sz300350 mian
sz000005 mian
sz002167
sh601599
sz000670
sz300245
sz300038
sz300326
sz300480
sz002341
2015-07-24
sz002231 mian
sz300268 mian
sz002680
sz002229
sz300450 mian
sh600280
sz300227
sz300401
sz300459
sz000562 mian
sz002734
sz002635
sz300364
sz300356
sz300350 mian
sz000005 mian
sz002167
sh601599
sz000670
sz300245
sz300038
sz300326
sz300480
sz002341
2015-07-23
sz002231
sz002680
sz300302 mian
sz300044
sz002451
sz000562 mian
sz002502 mian
sz002734
sh600363
sh600148 mian
sz000005
sh601599
sz300245
sz300480
sz002343 mian
2015-07-22
sz002680
sz300302
sz300063 mian
sz000562 mian
sz002502
sz002173
sz002172 mian
sz002611 mian
sz002124
sz002734
sz300151
sz002739
sh600363
sh600148
sz002567 mian
sz300415
sz002157 mian
sz002392 mian
sz002321 mian
sz300342
sz002746
sh601599
sz300328 mian
sz300480
sz002343
2015-07-21
sz002234
sh600512
sz002644 mian
sz002357 mian
sz002680
sz000048
sz300209
sz000562 mian
sz002547
sz002173
sz002611
sh600683
sz000546 mian
sz002714
sh600363
sh600590
sh600148
sz002567
sz300290
sh600184
sz300328
sz300480
sz002253
2015-07-20
sz000801
sz002357
sz002680
sh603618 mian
sz000562 mian
sz002611
sh600057
sh600590
sh600620
sz300480
2015-07-19
sz000801
sh603618
sz000562 mian
sz002771
sh600057
sh600620
sz300482
sz300480
2015-07-18
sz000801
sh603618
sz000562 mian
sz002771
sh600057
sh600620
sz300482
sz300480
2015-07-17
sz000801
sh603618
sz000562 mian
sz002771
sh600057
sh600620
sz300482
sz300480
2015-07-16
sz002359 mian
sz000562 mian
sz002771
sz300092 mian
sh600057
sh600620
sz300482
sz300480
2015-07-15
sh600421 mian
sh600850 mian
sh603085
sh600380 mian
sz002359
sz000796 mian
sh600749 mian
sz300237 mian
sz000562 mian
sz002771
sz002770 mian
sh600129 mian
sz002112 mian
sz002117 mian
sh603838
sz300092
sz300489
sz002424 mian
sz300481 mian
sz002095 mian
sz300487
sh603019 mian
sz002769 mian
sz002746 mian
sz002773 mian
sz000025 mian
sz300488 mian
sz300482
sz300483 mian
sz300480
sz300486 mian
sh603223 mian
2015-07-14
sz000906
sz000905
sz000909
sh600990 mian
sh600336 mian
sh600517 mian
sh600513 mian
sh600198
sh600193
sh600421
sh600420
sh600423 mian
sz300462 mian
sh600606 mian
sz000987 mian
sh600993
sh600992
sz300318
sh603128
sz300311
sz002232
sh600694 mian
sz002753
sz002758
sh600161
sz000692
sz300424
sz002352
sz002685
sh600850
sh600851
sh600853
sh600857 mian
sz002531 mian
sh600298 mian
sz000915
sz000910 mian
sz000913 mian
sz002222
sh600076 mian
sz300451
sz300423
sz300450
sz300453
sz000752 mian
sz300455
sh600452
sz002163
sh600678
sz000868 mian
sz000980 mian
sz300125 mian
sz300121 mian
sz300129 mian
sh600708 mian
sh600704
sh600705 mian
sh601368
sz300011
sz300452
sz002179
sz300307
sz300277
sz002323
sh601801
sz300461
sz300463
sz300468
sz002030
sh603085
sh600288 mian
sz000756 mian
sh603883
sz000755
sh600063 mian
sz002466 mian
sz000410
sz000411 mian
sh600662 mian
sh600668
sz000099
sh600718
sh600711
sz300067 mian
sz300061 mian
sz000920
sz300200 mian
sz002337
sz002332
sz300400
sh600873
sz300479
sz300478
sh603703
sh603099 mian
sz002025
sh600275
sz002246 mian
sz002243 mian
sh603899
sz002249
sz000663
sh600017
sh600381
sh600650
sz000883
sz000065
sz000061 mian
sz000062
sz300473
sz300470
sz300476
sz300475
sz002412 mian
sz002389
sz300315
sz300211 mian
sz002307 mian
sh600868
sh600862 mian
sz300447
sz300444
sz300445
sz300442
sz300440
sz300441
sh603268 mian
sz300448
sz002017
sz002013
sh603066
sh600267 mian
sz002273
sz000851 mian
sh600008
sh600391 mian
sh600399 mian
sh600463 mian
sh600469 mian
sh603116
sh603117
sh600649
sh600648 mian
sh600647
sh600135 mian
sh600486 mian
sz300050
sh600736 mian
sz002565 mian
sz300042
sz300046 mian
sz300049
sh601518 mian
sh601519
sz300477
sz002168
sz300223
sz002482 mian
sz002315
sz002313
sz002319
sz300406 mian
sz300458 mian
sz300456 mian
sh600250 mian
sz002359
sz002265 mian
sh603616
sz002462
sz002467
sz002058
sh600796
sh600120
sh603100 mian
sh600100
sh600101 mian
sz000796
sh600037
sh601616
sh600749
sz000428
sz002351 mian
sz300187 mian
sz300186
sz000633
sz300237
sz300236 mian
sz300231
sz300230
sz300464
sz000702
sz002433
sh600800 mian
sz002072
sz300469
sz002297
sz002100 mian
sz002104
sz002105 mian
sz002108 mian
sz002452 mian
sz300371 mian
sh600248 mian
sh600246
sh600114
sh600118
sz000988
sz000565
sz000561
sz000562 mian
sh600757
sz002771
sz002770
sz002540
sz002542
sz300173
sh601177 mian
sz300082 mian
sz000682 mian
sh600833
sh600831
sh600836
sh600838
sz002066 mian
sh603589
sh603588
sh603901 mian
sh600129
sz002282 mian
sz002112
sz002117
sz002119
sh603838
sh603123 mian
sh600235 mian
sh600233
sz000576
sh600768 mian
sh600765 mian
sh601968
sz300092
sz300489
sh600826 mian
sh600820 mian
sz300409
sh600829 mian
sz002053
sz002054 mian
sh603021
sh603023
sh600229
sh600228 mian
sh600220
sh600171 mian
sh600178
sh600593
sz000619
sh600598
sh601313 mian
sh600775 mian
sh600573
sh600680 mian
sz000819
sz300393 mian
sz300395
sz300399
sz000811
sz300159 mian
sz000816 mian
sz300018 mian
sz002714
sz002606
sz300379
sh600329 mian
sz300414
sz300417 mian
sh600112
sz300265
sz002044 mian
sz002046 mian
sz002049
sh600055
sh600960
sz002136
sz002424
sz002544
sh600213
sh600210
sz000606 mian
sz000609 mian
sh600781 mian
sh600783 mian
sh600785
sz000779
sh600148
sh600143
sh601233 mian
sz000156
sz300270
sz002405 mian
sz000559
sz300380
sz300382
sz002401
sz300388
sz300140 mian
sz002637
sz300369
sz300368 mian
sz300365
sh603008
sz300481
sz002099
sz002096 mian
sz002095
sh600979 mian
sh600976 mian
sh600973
sh600970 mian
sz002149
sh600206
sh600895 mian
sh600372
sz000014
sz000018 mian
sz000498
sh600158 mian
sz000705
sh600152 mian
sz300472
sz300487
sh601339
sz000838
sz000836 mian
sz300176
sz300177
sz300179 mian
sz300283
sz002627 mian
sz300354
sz000953 mian
sz000952
sh603789
sh603788 mian
sh603015
sh603309
sz002154
sz002153
sz002396 mian
sz300434
sz000958
sh600305
sh600306
sz000004
sh600523 mian
sz000713
sh601216
sh601218
sh600636 mian
sz000829 mian
sz300341
sz300340
sz300344
sz002768
sz002769
sz002765
sz002766
sz002767
sz002760
sz002762 mian
sz002763
sz002362
sz002188
sz002189
sz002185
sh600883
sh603979
sh600889
sh600888
sh600405
sh603993
sz000929
sh600088
sh600083
sh600081
sh600318
sz002213 mian
sz000037
sh600536
sh600538 mian
sz000722 mian
sz002746
sh600629 mian
sh600628 mian
sh600622 mian
sz000584 mian
sz300114
sz300111
sz300256
sz300029 mian
sz000678 mian
sz300334 mian
sz300330 mian
sz300333
sz002776
sz002775
sz002773
sz002772
sh603567 mian
sz300240
sz300243
sh603698 mian
sz002198
sz300437
sz002517
sh603969 mian
sz002519
sz000997
sz000931 mian
sh600323 mian
sh600987
sh600503 mian
sh600506
sh600184
sh600893
sz000591
sz000025
sz000027 mian
sz000026
sz300107 mian
sz300105 mian
sz300102 mian
sz300101
sz300034
sz300039
sz300327
sz300321 mian
sz300329 mian
sz300488
sz300250
sz300254
sz300482
sz300483
sz300480
sz300486
sz300435
sh603355 mian
sz002343
sz002446
sz300485
sh603227
sh603222
sh603223
2015-07-13
sh603085
sz002249
sz300042
sz000562 mian
sz002771
sz300489
sz002424
sz000631
sz300487
sz300115
sz300037
sz300039
sz300482
sz300483
sz300480
2015-07-12
sh603085
sz000562 mian
sz002771
sz300489
sz300487
sz300482
sz300483
sz300480
2015-07-11
sh603085
sz000562 mian
sz002771
sz300489
sz300487
sz300482
sz300483
sz300480
2015-07-10
sh603085
sz000562 mian
sz002771
sz300489
sz300487
sz300482
sz300483
sz300480
2015-07-09
sh603085
sz000562 mian
sz002771
sz300489
sz300487
sz300482
sz300483
sz300480
2015-07-08
sh603085
sz000562 mian
sz002771
sz300489
sz300481 mian
sz300487
sz300482
sz300483
sz300480
2015-07-07
sh603085
sh603117
sz000562 mian
sz002771
sz002770 mian
sh603838
sz300489
sz300481
sz002769
sz002773 mian
sz300488
sz300482
sz300483
sz300486 mian
sh603223
2015-07-06
sh603085
sh600667 mian
sh603116 mian
sh603117
sz000562 mian
sz002771
sz002770
sh603589 mian
sh603838
sz300481
sz002768
sz002769
sh603979 mian
sz002776 mian
sz002775
sz002773
sz002772
sz300482
sz300483
sz300486
sz300485 mian
sh603223
2015-07-05
sh603085
sh600667
sh603116
sh603117
sh600649 mian
sz300469 mian
sz000562 mian
sz002771
sh603589
sz002769
sh603979
sz002776
sz002775
sz002773
sz002772
sz300485
sh603223
2015-07-04
sh603085
sh600667
sh603116
sh603117
sh600649 mian
sz300469 mian
sz000562 mian
sz002771
sh603589
sz002769
sh603979
sz002776
sz002775
sz002773
sz002772
sz300485
sh603223
2015-07-03
sh603085
sh600667
sh603116
sh603117
sh600649 mian
sz300469 mian
sz000562 mian
sz002771
sh603589
sz002769
sh603979
sz002776
sz002775
sz002773
sz002772
sz300485
sh603223
2015-07-02
sz300479
sh603116
sh603117
sh600649
sz300469
sz000562 mian
sh603589
sz002010
sz002776
sz002773
sz002772
sz300485
2015-07-01
sz300479
sz002021
sh600649
sz300469
sz000562 mian
sh601968 mian
sz002010
sz002766 mian
2015-06-30
sz300479
sz002021
sz300469
sz000562 mian
sh601968
sz002010
sz002766
2015-06-29
sz300479
sz002021
sz300469
sz000562 mian
sh600756 mian
sh601968
sz002010
sz300472 mian
sz002765 mian
sz002766
sz002760 mian
sz000020
2015-06-28
sh601368
sz300479
sz300478
sz300470
sz300476
sz300475
sh603066
sz300477
sh603616
sh600747
sz300464
sz300469
sz000562 mian
sh601985
sh600232
sh601968
sz300472
sz002765
sz002766
sz002767
sz002760
sz002761
sh600614 mian
2015-06-27
sh601368
sz300479
sz300478
sz300470
sz300476
sz300475
sh603066
sz300477
sh603616
sh600747
sz300464
sz300469
sz000562 mian
sh601985
sh600232
sh601968
sz300472
sz002765
sz002766
sz002767
sz002760
sz002761
sh600614 mian
2015-06-26
sh601368
sz300479
sz300478
sz300470
sz300476
sz300475
sh603066
sz300477
sh603616
sh600747
sz300464
sz300469
sz000562 mian
sh601985
sh600232
sh601968
sz300472
sz002765
sz002766
sz002767
sz002760
sz002761
sh600614 mian
2015-06-25
sh601368
sz300479
sz300478
sz300473
sz300470
sz300476
sz300475
sh603066
sz300477
sh603616
sz300464
sz300469
sz000562 mian
sz000687
sh601985
sh600232
sh601968
sh600599 mian
sz002552
sz300472
sz300465
sz002765
sz002766
sz002767
sz002760
sz002761
sz002762
sz002763
2015-06-24
sh601368
sz300479
sz300478
sz300473
sz300470
sz300476
sz300475
sh603066
sz300471
sz300477
sh603616
sz300464
sz300469
sh603598 mian
sh603918
sz000562 mian
sz000687
sh601985
sh600232
sh601968
sh600599
sz300472
sz300465
sz300467
sz002765
sz002766
sz002767
sz002760
sz002761
sz002762
sz002763
sz300242
2015-06-23
sz300451
sh601368
sz300479
sz300478
sz300473
sz300078 mian
sz300470
sz300476
sz300475
sh603066
sz300471
sz300477
sh603616
sz300464
sz300469
sh603598
sh603918
sz000562 mian
sz000687
sh601985
sh600232
sh601968
sz300472
sz300465
sz300467
sz002765
sz002766
sz002767
sz002760
sz002761
sz002762
sz002763
sz300242
2015-06-22
sz300451
sh601368
sz000411
sz300479
sz300478
sz300473
sz300078
sz300470
sz300476
sz300475
sh603066
sz300471
sz300477
sh603616
sz300464
sz300469
sh603598
sh603918
sz000562 mian
sh601985
sh600232
sh601968
sh600777 mian
sz300366 mian
sz300472
sh600896 mian
sz300465
sz300467
sz002765
sz002766
sz002767
sz002760
sz002761
sz002762
sz002763
sz300242
2015-06-21
sz300451
sh601368
sz000411
sz300479
sz300478
sz300473
sz300078
sz300470
sz300476
sz300475
sh603066
sz300471
sz300477
sh603616
sz300464
sz300469
sh603598
sh603918
sz000562 mian
sh601985
sh600232
sh601968
sh600777 mian
sz300366 mian
sz300472
sh600896 mian
sz300465
sz300467
sz002765
sz002766
sz002767
sz002760
sz002761
sz002762
sz002763
sz300242
2015-06-20
sz300451
sh601368
sz000411
sz300479
sz300478
sz300473
sz300078
sz300470
sz300476
sz300475
sh603066
sz300471
sz300477
sh603616
sz300464
sz300469
sh603598
sh603918
sz000562 mian
sh601985
sh600232
sh601968
sh600777 mian
sz300366 mian
sz300472
sh600896 mian
sz300465
sz300467
sz002765
sz002766
sz002767
sz002760
sz002761
sz002762
sz002763
sz300242
2015-06-19
sz300451
sh601368
sz000411
sz300479
sz300478
sz300473
sz300078
sz300470
sz300476
sz300475
sh603066
sz300471
sz300477
sh603616
sz300464
sz300469
sh603598
sh603918
sz000562 mian
sh601985
sh600232
sh601968
sh600777 mian
sz300366 mian
sz300472
sh600896 mian
sz300465
sz300467
sz002765
sz002766
sz002767
sz002760
sz002761
sz002762
sz002763
sz300242
2015-06-18
sz002645
sz300451
sh601368
sz300468
sz000411
sz300479
sz300478
sz300473
sz300078
sz300470
sz300476
sz300475
sh603066
sz300471
sz300477
sh603616
sz300464
sz300469
sh603598
sh603918
sz000562 mian
sh601985
sh600232
sh601968
sh603026 mian
sh600777
sz300366
sz300472
sh600896
sz300465
sz300467
sz002765
sz002766
sz002767
sz002760
sz002761
sz002762
sz002763
sh600086
sh603885
sz300110 mian
sz002512
2015-06-17
sz300462 mian
sz002645
sz300451
sh601368
sz300468
sz000411
sz300479
sz300478
sz300473
sz300078
sz300470
sz300476
sz300475
sh603066
sz300471
sz300477
sh603616
sz300464
sz300469
sh603598
sh603918
sz000562 mian
sh601985
sh601968
sz300098
sh603026
sh600777
sz300366
sz300472
sh603300
sh600896
sz300465
sz300466
sz300467
sz002765
sz002766
sz002767
sz002760
sz002761
sz002762
sz002763
sh603885
sz300110
sz002512
sz300101
2015-06-16
sz300462
sz002645
sz002757
sz002759
sz002758
sz300451
sz300461
sz300463
sz300468
sh603669
sz000411
sz300478
sz300078
sz300476
sz300475
sz300213
sh603066
sz002476
sz000506 mian
sz300471
sz300477
sz002319
sh603616
sh603108
sz300464
sz300469
sh603598
sh603918
sz000562 mian
sh603901
sh601985
sh601968
sz300098
sh603026
sh603023
sz002601
sz002656
sz300145 mian
sz300472
sh603300
sh600896
sz300465
sz300466
sz300467
sz002766
sz002760
sz002761
sz002762
sz002763
sh603885
sz300110
sh603568
sz002512
sz000938
2015-06-15
sz300462
sz002645
sz002757
sz002759
sz002758
sz300451
sz300455
sz300461
sz300463
sz300468
sh603669
sz000411
sz300478
sz300078
sz300475
sz300213
sz002476
sz000506
sz300477
sz002319
sz300458 mian
sh600797
sh603108
sz300464
sh603598
sh603918
sz000562 mian
sz002596
sh603901
sh601985
sz300098
sh603026
sh603023
sz002601
sz002656
sz002630
sh603311
sz002717 mian
sh603300
sz300465
sz300466
sz300467
sz002761
sz002762
sz002763
sz002188 mian
sh603198 mian
sh603885
sz300110
sh603568
sz002512
sz000938
sz002441 mian
2015-06-14
sz300462
sz002755 mian
sz002757
sz002759
sz002758
sz300451
sz300450
sz300455
sz300452 mian
sz300461
sz300463
sz300468
sh603669
sz300078
sz002476
sz000506
sz300040
sz002319
sz300458
sz300456 mian
sh600797
sh603108
sh603598
sh603918
sz000562 mian
sz000687
sz002596
sh603901
sz002502
sh603026
sh603023
sh600055 mian
sz002630
sh603311
sz300281 mian
sz002717
sh603010
sh603300
sh603718 mian
sz300465
sz300466
sz300467
sz002188
sh603198
sh603885
sz300110
sh603568
sz002512
sz000938
sz002441
sh603227
2015-06-13
sz300462
sz002755 mian
sz002757
sz002759
sz002758
sz300451
sz300450
sz300455
sz300452 mian
sz300461
sz300463
sz300468
sh603669
sz300078
sz002476
sz000506
sz300040
sz002319
sz300458
sz300456 mian
sh600797
sh603108
sh603598
sh603918
sz000562 mian
sz000687
sz002596
sh603901
sz002502
sh603026
sh603023
sh600055 mian
sz002630
sh603311
sz300281 mian
sz002717
sh603010
sh603300
sh603718 mian
sz300465
sz300466
sz300467
sz002188
sh603198
sh603885
sz300110
sh603568
sz002512
sz000938
sz002441
sh603227
2015-06-12
sz300462
sz002755 mian
sz002757
sz002759
sz002758
sz300451
sz300450
sz300455
sz300452 mian
sz300461
sz300463
sz300468
sh603669
sz300078
sz002476
sz000506
sz300040
sz002319
sz300458
sz300456 mian
sh600797
sh603108
sh603598
sh603918
sz000562 mian
sz000687
sz002596
sh603901
sz002502
sh603026
sh603023
sh600055 mian
sz002630
sh603311
sz300281 mian
sz002717
sh603010
sh603300
sh603718 mian
sz300465
sz300466
sz300467
sz002188
sh603198
sh603885
sz300110
sh603568
sz002512
sz000938
sz002441
sh603227
2015-06-11
sz300462
sz002755
sz002757
sz002759
sz002758
sz300451
sz300450
sz300455
sz300452
sz300461
sz300463
sz300468
sh603669
sz300078
sz002476
sz000506
sz300040
sz002319
sz300458
sz300456
sh600797
sh603108
sz300185
sh603598
sh603918
sz000562 mian
sz000687
sh603901
sz002502
sh603026
sh603023
sh600055
sh603311
sz300285
sz300281
sh603010
sh603300
sh603718
sz300465
sz300466
sz300467
sz002188
sh603198
sh603885
sz300110
sh603568
sz000938
sz002441
sh603227
2015-06-10
sz300462
sz002755
sz002757
sz002759
sz002758
sz300451
sz300450
sz300455
sz300452
sz300461
sz300463
sz300468
sh603669
sz300078
sz002476
sz000506
sz300040
sz002319
sz300458
sz300456
sh600797
sh603108
sz300185
sh603598
sh603918
sz000565 mian
sz000562 mian
sz000687
sh603901
sz002502
sh603026
sh603023
sh603311
sh603010
sh603300
sh603718
sz300465
sz300466
sz300467
sz002188
sh603198
sh603885
sz300110
sh603568
sz000938
sh603227
2015-06-09
sz300462
sz002755
sz002757
sz002759
sz002758
sz300451
sz300450
sz300455
sz300452
sz300461
sz300463
sz300468
sh603669
sz300078
sz002476
sz000506
sz300040
sz002319
sz300458
sz300456
sh600797
sh603108
sz300185
sh603598
sh603918
sz000562 mian
sz000687
sh603901
sh603026
sh603023
sh603311
sh603010
sh603300
sz000719 mian
sz300460 mian
sh603718
sz300465
sz300466
sz300467
sz002188
sh603198
sh603885
sz300110
sh603568
sz000938
sh603227
2015-06-08
sz300462
sz002755
sz002757
sz002753 mian
sz002759
sz002758
sz002355
sz300451
sz300450
sz300453
sz300455
sh600701
sz300452
sz300461
sz300463
sz300468
sh603669
sz300457
sz300068
sz002476
sz000506
sz002319
sz300459
sz300458
sz300456
sh600797
sh603108
sh603598
sh603918
sz000562 mian
sz000687
sh603901
sh603026
sh603023
sz300414
sz002139
sh603311
sh603010
sh603300
sh600303 mian
sz000719
sz300460
sh603718
sz300465
sz300466
sz300467
sz002188
sh603198
sh603885
sz300110
sh603568
sz000938
sz000594 mian
sz300322
sh603227
2015-06-07
sz300462
sz002755
sz002757
sz002753
sz002759
sz002758
sz300451
sz300450
sz300453
sz300455
sh600701
sz300452
sz300309
sz300461
sz300463
sz300468
sh603669
sz300457
sz002319
sz300459
sz300458
sz300456
sh600797
sh603108
sh603598
sh603918
sz002471 mian
sz000562 mian
sz000687
sh603901
sh603026
sh603022
sh603023
sz300414
sh603311
sh603300
sh600303
sz000719
sz300460
sh603718
sz300465
sz300466
sz300467
sz002188
sh603198
sz000722
sz000723
sz002255
sh603885
sz300110
sh603568
sh603566
sz000938
sz000594
sh603227
2015-06-06
sz300462
sz002755
sz002757
sz002753
sz002759
sz002758
sz300451
sz300450
sz300453
sz300455
sh600701
sz300452
sz300309
sz300461
sz300463
sz300468
sh603669
sz300457
sz002319
sz300459
sz300458
sz300456
sh600797
sh603108
sh603598
sh603918
sz002471 mian
sz000562 mian
sz000687
sh603901
sh603026
sh603022
sh603023
sz300414
sh603311
sh603300
sh600303
sz000719
sz300460
sh603718
sz300465
sz300466
sz300467
sz002188
sh603198
sz000722
sz000723
sz002255
sh603885
sz300110
sh603568
sh603566
sz000938
sz000594
sh603227
2015-06-05
sz300462
sz002755
sz002757
sz002753
sz002759
sz002758
sz300451
sz300450
sz300453
sz300455
sh600701
sz300452
sz300309
sz300461
sz300463
sz300468
sh603669
sz300457
sz002319
sz300459
sz300458
sz300456
sh600797
sh603108
sh603598
sh603918
sz002471 mian
sz000562 mian
sz000687
sh603901
sh603026
sh603022
sh603023
sz300414
sh603311
sh603300
sh600303
sz000719
sz300460
sh603718
sz300465
sz300466
sz300467
sz002188
sh603198
sz000722
sz000723
sz002255
sh603885
sz300110
sh603568
sh603566
sz000938
sz000594
sh603227
2015-06-04
sz300462
sz002755
sz002757
sz002753
sz002759
sz002758
sz300451
sz300450
sz300453
sz300455
sh600677
sh600701
sz300452
sz300461
sz300463
sz300468
sz002036
sh603669
sz300457
sz000524
sz300446
sz300044 mian
sz300192
sz002319
sz300459
sz300458
sz300456
sh600257
sh600797
sh603108
sh600800
sh603598
sh603918
sz002471
sz000989
sz000562 mian
sz000687
sz002660
sh603901
sh603026
sh603022
sh603023
sz300397
sz300414
sh603311
sh603300
sz000719
sz300460
sh603718
sz300465
sz300466
sz300467
sz002188
sh603198
sh600083
sz000722
sz000723
sz002255
sh603885
sh603568
sh603566
sh603968
sz000938
sz000594
sz300038 mian
sz002349
sh603227
2015-06-03
sz300462
sz002755
sz002757
sz002753
sz002759
sz002758
sz002682 mian
sh600076
sz300451
sz300450
sz300453
sz300455
sh600677
sh600701
sz300452
sz002756
sz300461
sz300463
sz300468
sz002036
sh603669
sz300457
sh600728 mian
sz300446
sz300044
sz300192
sz002314 mian
sz002319
sz300459
sz300458
sz300456
sh603108
sh603598
sh603599
sh603918
sz002471
sz000989
sz000562 mian
sz000687
sz002660
sh603901
sh603026
sh603022
sh603023
sz000818 mian
sz300397
sz300414
sh600789
sz300149
sh603311
sh603300
sz300160 mian
sz300460
sh603718
sz300465
sz300466
sz300467
sz002362 mian
sz002188
sh603198
sh600083
sz002255
sh603885
sz300025
sh603568
sh603566
sh603968
sh603989
sz000938
sz000594
sz300038
sh603355
sz002349
sh603227
2015-06-02
sz300462
sz002755
sz002757
sz002751
sz002753
sz002759
sz002758
sh600076
sz300451
sz300450
sz300453
sz300455
sh600677
sh600701
sz300452
sz002756
sz300461
sz300463
sz300468
sz002036
sh603669
sz300457
sz002659
sz300446
sz300192
sz300459
sz300458
sz300456
sh603108
sh603598
sh603599
sh603918
sz002471
sz000989
sz000562 mian
sz000687
sz002660
sh600696
sh603022
sh603023
sh601777 mian
sz300414
sz002427 mian
sh603311
sz300460
sh603718
sz300465
sz300466
sz300467
sz002188
sz002180 mian
sh603198
sz002255
sh603885
sz300025
sh603568
sh603566
sh603968
sh603989
sz000938
sz002696
sz300038
sh603355
sz002349
sh603227
2015-06-01
sz300462
sz002755
sz002757
sz002751
sz002753
sz002758
sh600076
sz300451
sz300450
sz300453
sz300455
sh600677
sh600701
sz300452
sz002756
sz300461
sz300468
sz002036
sz300457
sz002659
sz300446
sz300192
sz300404
sz300459
sz300458
sz300456
sh603108
sh600654
sh603598
sh603599
sz000989
sz000562 mian
sz000687
sz002660
sh600696
sh603022
sh603023
sz002121
sh601777
sz300414
sz002427
sh603311
sh600522
sz300460
sh603718
sz300467
sz002188
sz002180
sz002255
sh603885
sz300025
sh603566
sz300437 mian
sh603968
sh603989
sz000938
sz300038
sh603355
sz002349
sh603227
2015-05-31
sz002755
sz002751
sz002753
sz000692
sh600293
sh600076
sz300451
sz300450
sz300453
sz300455
sh600677
sh600701
sz300452
sz002756
sz300461
sz002036
sz300457
sh600275 mian
sz002659
sz300446
sz300448
sz300192
sz300404
sz300459
sz300458
sz300456
sz000010
sz300184
sz300233
sh603599
sz000989
sz000562 mian
sz000687
sz002660
sh600696
sh603022
sz300126 mian
sz002121
sh600172 mian
sh601777
sz300152
sz300414
sz002427
sz300141
sh603311
sz300434
sh600522
sz300460
sh603718
sz300085
sz002361
sz002188
sz002180
sz002255
sz000584
sh603566
sz300437
sh603968
sh603989
sz000938
sh603355
sz002343
sz002349
sh603227
2015-05-30
sz002755
sz002751
sz002753
sz000692
sh600293
sh600076
sz300451
sz300450
sz300453
sz300455
sh600677
sh600701
sz300452
sz002756
sz300461
sz002036
sz300457
sh600275 mian
sz002659
sz300446
sz300448
sz300192
sz300404
sz300459
sz300458
sz300456
sz000010
sz300184
sz300233
sh603599
sz000989
sz000562 mian
sz000687
sz002660
sh600696
sh603022
sz300126 mian
sz002121
sh600172 mian
sh601777
sz300152
sz300414
sz002427
sz300141
sh603311
sz300434
sh600522
sz300460
sh603718
sz300085
sz002361
sz002188
sz002180
sz002255
sz000584
sh603566
sz300437
sh603968
sh603989
sz000938
sh603355
sz002343
sz002349
sh603227
2015-05-29
sz002755
sz002751
sz002753
sz000692
sh600293
sh600076
sz300451
sz300450
sz300453
sz300455
sh600677
sh600701
sz300452
sz002756
sz300461
sz002036
sz300457
sh600275 mian
sz002659
sz300446
sz300448
sz300192
sz300404
sz300459
sz300458
sz300456
sz000010
sz300184
sz300233
sh603599
sz000989
sz000562 mian
sz000687
sz002660
sh600696
sh603022
sz300126 mian
sz002121
sh600172 mian
sh601777
sz300152
sz300414
sz002427
sz300141
sh603311
sz300434
sh600522
sz300460
sh603718
sz300085
sz002361
sz002188
sz002180
sz002255
sz000584
sh603566
sz300437
sh603968
sh603989
sz000938
sh603355
sz002343
sz002349
sh603227
2015-05-28
sh600190 mian
sz002755
sz002751
sz002753
sz002752 mian
sz000692
sz300424 mian
sh600293
sh600076
sz300451
sz300423 mian
sz300450
sz300453
sz300455
sz002163 mian
sh600677
sz300121
sh600701
sz300452
sz300300
sz002756
sz300461
sz002036
sh603889 mian
sh603869 mian
sz300457
sz002707
sh603703 mian
sh600275
sz000062
sh601016 mian
sz002659
sz300446
sz300447 mian
sz300444 mian
sz300445 mian
sz300442 mian
sz300441 mian
sz300448
sz300449 mian
sh601608 mian
sz300404
sz300459
sz300458
sz300456
sz000010
sz300233
sh603599
sz002290
sz000989
sz000562 mian
sz300173 mian
sz000687
sh603025 mian
sh603021 mian
sh603022
sz300126
sh600172
sz300374 mian
sz300414
sz002738 mian
sz002427
sh600785 mian
sz300141
sh603009 mian
sz002093 mian
sh603315 mian
sh603311
sh603318 mian
sh603789 mian
sh603012 mian
sh603166 mian
sz300434
sz000005
sh600522
sz300460
sh603718
sz300085
sh600959 mian
sh603818 mian
sz002361
sz002188
sz002180
sh603997 mian
sz002746 mian
sz000584
sh601689 mian
sz300112 mian
sh603567 mian
sh603566
sz300437
sz300436 mian
sz002513 mian
sh603969 mian
sh603968
sh603989
sz300438 mian
sh603355
sh603227
sh603222 mian
2015-05-27
sz002755
sz002751
sz002753
sz002752
sz000692
sz300424
sh600293
sh600076
sz300451
sz300450
sz300453
sz300455
sz300121
sh600701
sz300452
sz300300
sz002756
sz300461
sz300457
sz002707
sh603703
sh600275
sz000062
sz002494 mian
sz002659
sz300446
sz300447
sz300444
sz300445
sz300442
sz300441
sz300448
sz300449
sz002014 mian
sh601608
sz300404
sz300459
sz300458
sz300456
sz000010
sz300233
sh603599
sz002290
sz000562 mian
sz300173
sz000687
sh603025
sh603021
sh603022
sz300126
sh600172
sz300374
sz300414
sz002427
sz300141
sh603009
sz002093
sh603315
sh603311
sh603318
sh603789
sh603012
sh603166
sz300434
sz000005
sz300460
sh603718
sh600959
sh603818
sz002361
sz002180
sh603997
sz000584
sh601689
sh603567
sh603566
sz300437
sz300436
sz002513
sh603969
sh603968
sh603989
sz300438
sh603355
sh603227
2015-05-26
sz002755
sz002751
sz002753
sz002752
sz000692
sz300424
sz002689
sh600293
sh600076
sz300451
sz300450
sz300453
sz300455
sh600701
sz300452
sz300300
sz002756
sz300461
sz300457
sz002707
sh603703
sz000062
sz002494
sz002659
sz300446
sz300447
sz300444
sz300445
sz300442
sz300441
sz300448
sz300449
sz002014
sh600130 mian
sh601608
sz300404
sz300459
sz300458
sz300456
sz000010
sz300233
sh603599
sz002290
sz000562 mian
sz300173
sz000687
sz002119
sh600584
sh601969
sz002612 mian
sh603025
sh603021
sh603022
sz300126
sh600172
sz300414
sz002427
sz300141
sz002093
sh603315
sh603311
sh603318
sh603789
sz300434
sz000005
sz300460
sh603718
sh600959
sh603818
sz002361
sz002180
sh603997
sz000584
sh603566
sz300437
sz300436
sz002513
sh603968
sh603989
sz300438
sh603355
sh603227
2015-05-25
sz002231 mian
sz002755
sz002751
sz002753
sz002752
sz000692
sz300424
sh600293
sh600076
sz300451
sz300450
sz300453
sz300455
sh600701
sz300452
sz300300
sz002323 mian
sz002756
sz300461
sz300457
sz002707
sh603703
sz002494
sz002659
sz300446
sz300447
sz300445
sz300442
sz300441
sz300448
sz300449
sz002014
sh601608
sz300404
sz300459
sz300458
sz300456
sz000010
sz300233
sh603599
sz002290
sz000562 mian
sz000687
sz002119
sh600584
sz002612
sh603021
sh603022
sz300126
sz002548 mian
sz300414
sz002093
sh603315
sh603311
sh603318
sh603789
sz300434
sz000005
sz300460
sz300296 mian
sh603718
sh600959
sz002361
sz002180
sh603997
sz000928
sz000584
sh603566
sz300437
sz300436
sz002513
sh603968
sh603989
sz300438
sh603355
sh603227
2015-05-24
sz002231
sz300001
sz002755
sz002751
sz002753
sz002752
sz000692
sz300424
sh600293
sh600076
sz300451
sz300450
sz300453
sz300455
sh600701
sz300452
sz002756
sz300461
sz300457
sz300201 mian
sh603703
sz002659
sz300446
sz300447
sz300445
sz300441
sz300448
sz300449
sz002014
sh601608
sz300404
sz300459
sz300458
sz300456
sh600250
sz000010
sz300186
sz002075 mian
sh603599
sz002290
sz002104
sz000562 mian
sz000687
sz002119
sz000626
sz002612
sh603021
sh603022
sz300126
sz002548
sz300414
sz002131
sz300384 mian
sh603315
sh603311
sh603318
sh600373 mian
sz000838 mian
sh603789
sz300434
sz000005
sz300460
sz300299
sh603718
sh600959
sz002361
sz002180
sz000584
sz300111 mian
sz002551 mian
sh603566
sz300437
sz300436
sz002513
sh603968
sh603989
sh600503
sz300438
sh603355
sh603227
2015-05-23
sz002231
sz300001
sz002755
sz002751
sz002753
sz002752
sz000692
sz300424
sh600293
sh600076
sz300451
sz300450
sz300453
sz300455
sh600701
sz300452
sz002756
sz300461
sz300457
sz300201 mian
sh603703
sz002659
sz300446
sz300447
sz300445
sz300441
sz300448
sz300449
sz002014
sh601608
sz300404
sz300459
sz300458
sz300456
sh600250
sz000010
sz300186
sz002075 mian
sh603599
sz002290
sz002104
sz000562 mian
sz000687
sz002119
sz000626
sz002612
sh603021
sh603022
sz300126
sz002548
sz300414
sz002131
sz300384 mian
sh603315
sh603311
sh603318
sh600373 mian
sz000838 mian
sh603789
sz300434
sz000005
sz300460
sz300299
sh603718
sh600959
sz002361
sz002180
sz000584
sz300111 mian
sz002551 mian
sh603566
sz300437
sz300436
sz002513
sh603968
sh603989
sh600503
sz300438
sh603355
sh603227
2015-05-22
sz002231
sz300001
sz002755
sz002751
sz002753
sz002752
sz000692
sz300424
sh600293
sh600076
sz300451
sz300450
sz300453
sz300455
sh600701
sz300452
sz002756
sz300461
sz300457
sz300201 mian
sh603703
sz002659
sz300446
sz300447
sz300445
sz300441
sz300448
sz300449
sz002014
sh601608
sz300404
sz300459
sz300458
sz300456
sh600250
sz000010
sz300186
sz002075 mian
sh603599
sz002290
sz002104
sz000562 mian
sz000687
sz002119
sz000626
sz002612
sh603021
sh603022
sz300126
sz002548
sz300414
sz002131
sz300384 mian
sh603315
sh603311
sh603318
sh600373 mian
sz000838 mian
sh603789
sz300434
sz000005
sz300460
sz300299
sh603718
sh600959
sz002361
sz002180
sz000584
sz300111 mian
sz002551 mian
sh603566
sz300437
sz300436
sz002513
sh603968
sh603989
sh600503
sz300438
sh603355
sh603227
2015-05-21
sz002231
sz300001
sz002755
sz002751
sz002752
sz000692
sz300424
sh600293
sh600076
sz300451
sz300450
sz300453
sz300455
sz002169 mian
sh600701
sz300452
sz002756
sz300457
sz300201
sh603703
sz002659
sz300446
sz300447
sz300445
sz300441
sz300448
sz300449
sh601608
sz300404
sz300459
sz300458
sz300456
sz300186
sz002075
sh603599
sz002290
sz002104
sz000562 mian
sz000687
sz002119
sz000626
sz002612
sh603021
sh603022
sz300126
sz002548
sz300414
sz002131
sz300384
sh603315
sh603311
sh603318
sz000838
sh603789
sz300434
sz000005
sz300460
sh603718
sz300348 mian
sh600959
sz002361
sz002180
sz000584
sh603566
sz002171
sz002197
sz300437
sz300436
sz002513
sh603968
sh603989
sz000997
sh600503
sz300438
sh603355
sz002698
sh603227
2015-05-20
sz002231
sz300001
sz002755
sz002751
sz002752
sz000692
sz300424
sh600293
sz300451
sz300453
sz300455
sz002169
sh600701
sz300452
sz002756
sz300457
sz300201
sh603703
sz300446
sz300447
sz300444 mian
sz300445
sz300441
sz300448
sz300449
sh601608
sz300404
sz300459
sz300458
sz300456
sz300186
sz300231
sz002075
sh603599
sz002104
sz000562 mian
sz000687
sz002592 mian
sz002119
sz000626
sz002612
sh603021
sz300126
sz002548
sh600179 mian
sz300414
sz002131
sz002637
sh603315
sh603318
sh603789
sz300434
sz000005
sz300460
sh603718
sz300348
sh600959
sz002361
sz000584
sz002171
sz002197
sz300437
sz300436
sz002513
sh603989
sh600503
sz300438
sh603355
sz002698
sh603227
2015-05-19
sz002231
sz300001
sz002751
sz002752
sz300424
sz002357 mian
sz300451
sz002169
sh600701
sz300457
sz300201
sh603703
sz300446
sz300447
sz300444
sz300445
sz300442 mian
sz300443 mian
sz300441
sz300448
sz300449
sh601608
sz300401 mian
sz300404
sz300456
sz300186
sh603599
sz002104
sz000562 mian
sz000687
sz002592
sz002119
sz000626
sz002612
sh603025
sh603021
sz300126
sh603808 mian
sh600179
sz002491
sz300414
sz002131
sh603009 mian
sh603315
sh603318
sh603789
sh603012 mian
sz300434
sz000005
sz300348
sh600959
sh603818
sz002361
sh603997 mian
sz000584
sh603567 mian
sz002171
sz300437
sz300436
sh600503
sz300439 mian
sz300438
sh603355
sz002698
2015-05-18
sz002231
sz300001
sz002751
sz002752
sz300424
sz002357
sz002169
sh600701
sh603703
sz000883
sz300446
sz300447
sz300444
sz300445
sz300441
sz300448
sz300449
sh601608
sz300404
sz300186
sh603599
sz000562 mian
sz000687
sz002592
sz002119
sz000626
sz300409
sh603021
sz300126
sh600179
sz002491
sz300414
sz002131
sz002098
sh603318
sh603789
sz300434
sz000005
sz300348
sh600959
sz002361
sz000584
sz002171
sz300437
sz300436
sh600438
sh600503
sz300439
sz300438
sh603355
sz002698
2015-05-17
sz300001
sz002751
sz002752
sz300424
sz002169
sh600280 mian
sh603883 mian
sh603703
sz000883
sz300446
sz300447
sz300444
sz300445
sz300441
sz300448
sz300449
sh600006 mian
sh601608
sz300404
sz300186
sz000562 mian
sz000687
sz002119
sz000626
sh603021
sh600179
sz002491
sz002131
sh603318
sh603789
sz300434
sz000005
sz300348
sh600959
sz002361
sz002746 mian
sz000584
sz002171
sz300437
sz300436
sh600438
sh600503
sz300439
sz300438
sz002698
2015-05-16
sz300001
sz002751
sz002752
sz300424
sz002169
sh600280 mian
sh603883 mian
sh603703
sz000883
sz300446
sz300447
sz300444
sz300445
sz300441
sz300448
sz300449
sh600006 mian
sh601608
sz300404
sz300186
sz000562 mian
sz000687
sz002119
sz000626
sh603021
sh600179
sz002491
sz002131
sh603318
sh603789
sz300434
sz000005
sz300348
sh600959
sz002361
sz002746 mian
sz000584
sz002171
sz300437
sz300436
sh600438
sh600503
sz300439
sz300438
sz002698
2015-05-15
sz300001
sz002751
sz002752
sz300424
sz002169
sh600280 mian
sh603883 mian
sh603703
sz000883
sz300446
sz300447
sz300444
sz300445
sz300441
sz300448
sz300449
sh600006 mian
sh601608
sz300404
sz300186
sz000562 mian
sz000687
sz002119
sz000626
sh603021
sh600179
sz002491
sz002131
sh603318
sh603789
sz300434
sz000005
sz300348
sh600959
sz002361
sz002746 mian
sz000584
sz002171
sz300437
sz300436
sh600438
sh600503
sz300439
sz300438
sz002698
2015-05-14
sz300431 mian
sz300001
sz002751
sz002752
sz300424
sh603883
sh603703
sz000883
sz300446
sz300447
sz300444
sz300445
sz300441
sz300448
sz300449
sh601608
sz002215
sz300404
sz000796 mian
sz300186
sz000562 mian
sz300081 mian
sz000687
sz002119
sz002584 mian
sz000626
sh603021
sh600179
sz002491
sz002131
sz002555
sz000555
sz002095 mian
sh603318
sz002625 mian
sh603789
sz300434
sz000005
sz300348
sh600959
sz000584
sz300331
sz300248 mian
sz002171
sz002376 mian
sz300437
sz300436
sh600438
sh600503
sz300439
sz300438
2015-05-13
sz300431
sz300130
sz300001
sz002488
sz002751
sz002752
sz300424
sz300209 mian
sh603703
sz300446
sz300447
sz300444
sz300445
sz300441
sz300448
sz300449
sh601608
sh600730 mian
sz300404
sz300186
sz000633 mian
sz000562 mian
sz300081
sz000687
sz002119
sz002584
sz300399 mian
sz002491
sz002131
sz002555
sz300367 mian
sz300364 mian
sz002095
sh603315 mian
sh603318
sz300280
sz002625
sh603789
sz300434
sz300343
sz300348
sh600959
sz000584
sz002376
sz002197
sz300437
sz300436
sh600503
sz300439
sz300438
2015-05-12
sz300431
sz300001
sz002751
sz002752
sz300424
sz000755 mian
sz300095
sz300446
sz300447
sz300445
sz300440
sz300441
sz300448
sz300449
sh601608
sz300404
sz300186
sz000562 mian
sz000687
sz002284
sz002491
sz300378 mian
sz002657
sz300413
sz002555
sz300367
sz300364
sh603318
sz002625
sz300434
sz300348
sh600959
sz000584
sz300437
sz300436
sh600503
sz300439
sz300438
2015-05-11
sz300001
sz002751
sz002752
sz300424
sz300095
sz300446
sz300447
sz300445
sz300440
sz300441
sz300448
sz300449
sz300404
sz300186
sz000562 mian
sz000687
sz002491
sz002657
sz002421
sz002555
sz300367
sh603318
sz002625
sz300434
sz300348
sh600959
sz300437
sz300436
sh600503
sz300439
sz300438
2015-05-10
sz002751
sz002752
sz300424
sz002326
sz300446
sz300447
sz300445
sz300440
sz300441
sz300448
sz300449
sz300404
sz300186
sz000562 mian
sz000687
sz002491
sz002421
sz002555
sh603318
sz300434
sz300348
sh600959
sz300437
sz300436
sz300439
sz300438
2015-05-09
sz002751
sz002752
sz300424
sz002326
sz300446
sz300447
sz300445
sz300440
sz300441
sz300448
sz300449
sz300404
sz300186
sz000562 mian
sz000687
sz002491
sz002421
sz002555
sh603318
sz300434
sz300348
sh600959
sz300437
sz300436
sz300439
sz300438
2015-05-08
sz002751
sz002752
sz300424
sz002326
sz300446
sz300447
sz300445
sz300440
sz300441
sz300448
sz300449
sz300404
sz300186
sz000562 mian
sz000687
sz002491
sz002421
sz002555
sh603318
sz300434
sz300348
sh600959
sz300437
sz300436
sz300439
sz300438
2015-05-07
sz002751
sz002752
sz300424
sh603883
sz300063
sz300446
sz300447
sz300445
sz300440
sz300441
sz300448
sz300449
sz300404
sz300186
sz000562 mian
sz000687
sh603021
sz002491
sz300362 mian
sh603318
sz300434
sz300348
sh600959
sz300437
sz300436
sz300439
sz300438
2015-05-06
sz300431 mian
sz002751
sz002752
sz300424
sh603883
sz300063
sh603703
sz300446
sz300447
sz300444
sz300445
sz300443
sz300440
sz300441
sz300448
sz300449
sz300404
sz300186
sz000562 mian
sz000687
sh603021
sz002491
sh603315
sh603318
sh603789
sz300434
sz300348
sh600959
sz300437
sz300436
sz300439
sz300438
2015-05-05
sz300431
sh600606 mian
sz000875 mian
sz002751
sz002752
sz300424
sh600858
sz002037
sh603883
sz300063
sz300201
sh603703
sz000889
sz300446
sz300447
sz300444
sz300445
sz300442
sz300443
sz300440
sz300441
sz300448
sz300449
sz300404
sz000796
sh600744
sz300186
sz000562 mian
sz000687
sh600129
sz002617
sh603025
sh603021
sz002491
sz000607 mian
sh603315
sh603318
sh603789
sz002390 mian
sz300434
sh600959
sh603818
sz300339 mian
sh603567
sz300437
sz300436
sz002517
sz300439
sz300438
2015-05-04
sz300431
sh600606
sz000875
sz002751
sz002752
sz300424
sz002037
sh603883
sz300063
sz300201
sh603703
sz000889
sh600725 mian
sz300446
sz300447
sz300444
sz300445
sz300442
sz300443
sz300440
sz300441
sz300448
sz300449
sh600483 mian
sz002568 mian
sz300404
sz002261
sz000796
sz300186
sz000633
sz002675 mian
sz002125 mian
sz000562 mian
sz000687
sh603025
sh603021
sh603808 mian
sz000616
sz002491
sh603315
sh603318
sh603789
sz002390
sz300434
sh600090 mian
sh600959
sh603818
sz000587
sz300339
sh603567
sz300437
sz300436
sz002517
sz300439
sz300438
2015-05-03
sz300431
sh600606
sz000875
sz002751
sz002752
sz300424
sh603883
sz300063
sh603703
sz000889
sh600725
sz300446
sz300447
sz300444
sz300445
sz300442
sz300443
sz300440
sz300441
sz300448
sz300449
sh603600 mian
sh600483
sz300404
sz002261
sz000796
sz300059
sz000633
sz002675
sz000562 mian
sz000687
sh603025
sh603021
sh603808
sz000616
sz300390 mian
sh603315
sh603318
sh603789
sz300434
sh600090
sh603818
sz000587
sh601669
sz300339
sh603567
sz300437
sz300436
sz002517
sz300439
sz300438
2015-05-02
sz300431
sh600606
sz000875
sz002751
sz002752
sz300424
sh603883
sz300063
sh603703
sz000889
sh600725
sz300446
sz300447
sz300444
sz300445
sz300442
sz300443
sz300440
sz300441
sz300448
sz300449
sh603600 mian
sh600483
sz300404
sz002261
sz000796
sz300059
sz000633
sz002675
sz000562 mian
sz000687
sh603025
sh603021
sh603808
sz000616
sz300390 mian
sh603315
sh603318
sh603789
sz300434
sh600090
sh603818
sz000587
sh601669
sz300339
sh603567
sz300437
sz300436
sz002517
sz300439
sz300438
2015-05-01
sz300431
sh600606
sz000875
sz002751
sz002752
sz300424
sh603883
sz300063
sh603703
sz000889
sh600725
sz300446
sz300447
sz300444
sz300445
sz300442
sz300443
sz300440
sz300441
sz300448
sz300449
sh603600 mian
sh600483
sz300404
sz002261
sz000796
sz300059
sz000633
sz002675
sz000562 mian
sz000687
sh603025
sh603021
sh603808
sz000616
sz300390 mian
sh603315
sh603318
sh603789
sz300434
sh600090
sh603818
sz000587
sh601669
sz300339
sh603567
sz300437
sz300436
sz002517
sz300439
sz300438
2015-04-30
sz300431
sh600606
sz000875
sz002751
sz002752
sz300424
sh603883
sz300063
sh603703
sz000889
sh600725
sz300446
sz300447
sz300444
sz300445
sz300442
sz300443
sz300440
sz300441
sz300448
sz300449
sh603600 mian
sh600483
sz300404
sz002261
sz000796
sz300059
sz000633
sz002675
sz000562 mian
sz000687
sh603025
sh603021
sh603808
sz000616
sz300390 mian
sh603315
sh603318
sh603789
sz300434
sh600090
sh603818
sz000587
sh601669
sz300339
sh603567
sz300437
sz300436
sz002517
sz300439
sz300438
2015-04-29
sz300431
sh600606
sz002751
sz002752
sz300424
sh603883
sh603703
sh600725
sz002411
sz300446
sz300447
sz300444
sz300445
sz300442
sz300443
sz300440
sz300441
sz300448
sz300449
sz300404
sz002261
sz000796
sz300059
sz000633
sz002675
sz000562 mian
sh603025
sh603021
sh603808
sz000616
sh600688
sz000636 mian
sh603315
sh603318
sz300434
sh600090
sh603818
sh601669
sz300339
sh603567
sz300437
sz300436
sz002517
sz300439
sz300438
2015-04-28
sz300431
sz002752
sz300424
sh603883
sh603703
sh600725
sz002411
sz300446
sz300447
sz300444
sz300443
sz300440
sz300441
sz300449
sz002261
sz000796
sz300059
sz002675
sz002672 mian
sz000562 mian
sh603025
sh603021
sh603808
sz000616
sz002721
sh600090
sh603818
sz300339
sz300437
sz300436
sz002517
sz300439
sz002446
2015-04-27
sz300431
sz002752
sz300424
sh600725
sz002411
sz300447
sz300443
sz300449
sz002261
sz000796
sz300059
sz000562 mian
sh600238
sh603025
sh603808
sz000616
sh600090
sh603818
2015-04-26
sz300431
2015-04-25
sz300431
sh601106 mian
sz000415 mian
2015-04-24
sz300431
sh601106 mian
sz000415 mian
sh600725
sz002411
sz002279 mian
sz002261
sz000796
sh600745
sz300059
sz000562 mian
sz002728 mian
sz000616
sz000969
sh603003
sh600090
sz002517
sz000591
sz002446
2015-04-23
sz300431
sh601106
sz000415
sz000410 mian
sz000070
sz002261
sz000796
sh600745
sz300059
sz300181 mian
sz002298 mian
sz000562 mian
sz000616
sz000969
sh603003
sh600090
sz000971
sz002517
sz000591
