sh600006: 6
sz300331: 5

sh600035: 6
sz000819: 5

sh600210: 6
sz000626: 5

sh600428: 7
sh601919: 6

sh600490: 6
sz002044: 5

sh600730: 6
sz002195: 5

sh600737: 5
sz000930: 5

sh600862: 6
sz300442: 5

sh601018: 6
sz300373: 5

sh601186: 6
sh601390: 6

sh601299: 12
sh601766: 10

sh601766: 10
sh601299: 10

sh601866: 7
sh600428: 6

sh601872: 6
sh600428: 5

sh601919: 7
sh600428: 6

sh603009: 5
sz300444: 5

sh603012: 7
sz300444: 7

sh603021: 14
sz300441: 12

sh603025: 8
sh603021: 8

sh603158: 6
sh603012: 5

sh603222: 6
sh603012: 5

sh603315: 11
sz300441: 11

sh603333: 6
sz300411: 5

sh603519: 7
sz300443: 6

sh603567: 8
sz300442: 8

sh603703: 12
sh603789: 11

sh603789: 11
sz300441: 11

sh603883: 9
sh603021: 8

sh603997: 8
sz300442: 8

sz000681: 6
sz300443: 5

sz000767: 5
sh600021: 5

sz000785: 5
sz000710: 5

sz000796: 5
sz300331: 5

sz000835: 7
sz300081: 6

sz000922: 6
sh603169: 5

sz002014: 6
sh603789: 5

sz002227: 6
sz300033: 5

sz002245: 5
sz002195: 5

sz002284: 6
sz300302: 5

sz002380: 6
sz002184: 5

sz002413: 6
sz002657: 6

sz002491: 8
sz300440: 7

sz002730: 6
sz300444: 5

sz002752: 9
sz300441: 8

sz300059: 10
sz300033: 9

sz300211: 5
sz300442: 5

sz300236: 6
sz002682: 5

sz300270: 7
sz300010: 6

sz300339: 6
sz002657: 5

sz300352: 6
sz300399: 5

sz300401: 6
sz300442: 5

sz300410: 6
sz002738: 6

sz300439: 5
sz002491: 5

sz300440: 9
sz300443: 8

sz300441: 13
sh603021: 12

sz300442: 11
sz300444: 9

