sz000901 ('2002-12-12', 15.53, 15.53)
0.900193174501
sz000901 ('2002-12-13', 13.98, 13.98)
1.0
sz000908 ('2009-09-02', 9.23, 9.23)
1.03141928494
sh600331 ('2008-04-23', 58.46, 58.46)
0.899931577147
sh600331 ('2008-04-24', 52.61, 52.61)
0.900019007793
sh600331 ('2008-04-25', 47.35, 47.35)
0.900105596621
sh600331 ('2008-04-28', 42.62, 42.62)
1.07930549038
sz000912 ('2008-06-26', 15.27, 15.27)
0.942370661428
sh600455 ('2008-08-13', 8.78, 8.78)
0.899772209567
sz002256 ('2011-08-08', 16.16, 16.16)
0.944925742574
sh600062 ('2004-06-03', 11.98, 11.98)
0.899833055092
sh600062 ('2004-06-04', 10.78, 10.78)
1.10018552876
sz000070 ('2007-07-06', 10.79, 10.79)
0.9453197405
sz000920 ('2008-09-03', 6.19, 6.19)
0.899838449111
sz000920 ('2008-09-04', 5.57, 5.57)
0.899461400359
sz000920 ('2008-09-05', 5.01, 5.01)
0.900199600798
sh600478 ('2011-12-05', 20.3, 20.3)
0.9
sh600478 ('2011-12-06', 18.27, 18.27)
0.899835796388
sh600478 ('2011-12-07', 16.44, 16.44)
1.04866180049
sh600655 ('2008-07-30', 23.65, 23.65)
0.90021141649
sh600655 ('2008-07-31', 21.29, 21.29)
0.903710662283
sz000792 ('2008-12-31', 57.03, 57.03)
0.900052603893
sz000792 ('2009-01-05', 51.33, 51.33)
0.900058445354
sz000792 ('2009-01-06', 46.2, 46.2)
0.9
sz000792 ('2009-01-07', 41.58, 41.58)
0.91366041366
sh600490 ('2007-06-05', 10.15, 10.15)
1.01280788177
sh600864 ('2000-12-29', 17.06, 17.06)
0.936694021102
sz002019 ('2014-04-08', 20.96, 20.96)
1.01097328244
sz002272 ('2008-10-08', 15.92, 15.92)
0.900125628141
sz002273 ('2008-09-24', 37.04, 37.04)
0.900107991361
sz002273 ('2008-09-25', 33.34, 33.34)
0.900119976005
sz002273 ('2008-09-26', 30.01, 30.01)
1.0
sz002273 ('2008-10-08', 21.88, 21.88)
0.899908592322
sh600737 ('2004-04-19', 6.47, 6.47)
0.899536321484
sh600737 ('2004-04-20', 5.82, 5.82)
0.996563573883
sh600738 ('2002-11-21', 5.59, 5.59)
0.940966010733
sz000639 ('2007-07-04', 9.99, 9.99)
0.950950950951
sh600120 ('2003-12-10', 6.05, 6.05)
0.99173553719
sz000425 ('2003-06-05', 12.2, 12.2)
0.9
sz000425 ('2003-06-06', 10.98, 10.98)
0.899817850638
sz000425 ('2003-06-09', 9.88, 9.88)
0.89979757085
sz000425 ('2003-06-10', 8.89, 8.89)
1.01237345332
sz000708 ('2005-04-25', 3.34, 3.34)
0.952095808383
sz000632 ('2005-02-04', 5.68, 5.68)
0.899647887324
sz000632 ('2005-02-16', 5.11, 5.11)
0.900195694716
sz000632 ('2005-02-17', 4.6, 4.6)
0.9
sz000632 ('2005-02-18', 4.14, 4.14)
0.900966183575
sz000632 ('2005-02-21', 3.73, 3.73)
1.09919571046
sz000633 ('2004-04-20', 15.11, 15.11)
0.900066181337
sz000633 ('2004-04-21', 13.6, 13.6)
0.9
sz000633 ('2004-04-22', 12.24, 12.24)
0.900326797386
sz000633 ('2004-04-23', 11.02, 11.02)
0.900181488203
sz000633 ('2004-04-26', 9.92, 9.92)
0.900201612903
sz000633 ('2004-04-27', 8.93, 8.93)
0.900335946249
sz000633 ('2004-04-28', 8.04, 8.04)
0.900497512438
sz000633 ('2004-04-29', 7.24, 7.24)
0.900552486188
sh600837 ('2008-11-25', 9.7, 9.7)
0.934020618557
sz002118 ('2011-10-26', 15.1, 15.1)
1.00662251656
sz000627 ('2003-06-25', 7.73, 7.73)
0.900388098318
sz000627 ('2003-06-26', 6.96, 6.96)
0.899425287356
sh600771 ('2006-11-02', 8.27, 8.27)
0.899637243047
sh600771 ('2006-11-03', 7.44, 7.44)
0.900537634409
sz000799 ('2012-11-27', 34.69, 34.69)
0.899971173249
sz002053 ('2008-11-13', 17.16, 17.16)
0.899766899767
sz002053 ('2008-11-14', 15.44, 15.44)
0.900259067358
sz002053 ('2008-11-17', 13.9, 13.9)
0.9
sz002051 ('2006-06-22', 23.3, 23.3)
0.9
sz002051 ('2006-06-23', 20.97, 20.97)
0.899856938484
sz002051 ('2006-06-26', 18.87, 18.87)
0.918918918919
sh600228 ('2003-09-25', 10.49, 10.49)
0.899904671115
sh600228 ('2003-09-26', 9.44, 9.44)
1.0
sh600228 ('2003-10-09', 6.89, 6.89)
0.931785195936
sh600228 ('2013-11-07', 21.16, 21.16)
0.899810964083
sh600228 ('2013-11-08', 19.04, 19.04)
0.900210084034
sh600228 ('2013-11-11', 17.14, 17.14)
0.900233372229
sh600228 ('2013-11-12', 15.43, 15.43)
0.900194426442
sh600228 ('2013-11-13', 13.89, 13.89)
0.89992800576
sh600228 ('2013-12-20', 12.5, 12.5)
0.9
sh600228 ('2013-12-23', 11.25, 11.25)
0.900444444444
sh600228 ('2013-12-24', 10.13, 10.13)
1.09970384995
sz000549 ('2004-04-20', 6.12, 6.12)
0.955882352941
sz000540 ('2003-04-25', 11.47, 11.47)
0.899738448126
sz000540 ('2003-04-28', 10.32, 10.32)
0.90019379845
sz000540 ('2003-04-29', 9.29, 9.29)
0.899892357374
sz000540 ('2003-04-30', 8.36, 8.36)
0.8995215311
sz000540 ('2003-05-12', 7.52, 7.52)
0.900265957447
sz000540 ('2003-05-13', 6.77, 6.77)
1.10044313146
sz000545 ('2008-12-01', 7.35, 7.35)
0.900680272109
sz000545 ('2008-12-02', 6.62, 6.62)
1.0996978852
sz002204 ('2014-07-30', 13.78, 13.78)
0.899854862119
sz002204 ('2014-07-31', 12.4, 12.4)
0.966935483871
sz002139 ('2007-07-04', 43.74, 43.74)
0.900091449474
sz002139 ('2007-07-05', 39.37, 39.37)
0.990347980696
sz000978 ('2003-12-09', 10.13, 10.13)
0.900296150049
sz000978 ('2003-12-10', 9.12, 9.12)
0.900219298246
sz000978 ('2003-12-11', 8.21, 8.21)
1.06090133983
sh600146 ('2008-04-16', 7.62, 7.62)
0.900262467192
sh600146 ('2008-04-17', 6.86, 6.86)
0.899416909621
sh600146 ('2011-12-08', 16.23, 16.23)
0.900184842884
sz000155 ('2008-06-26', 10.48, 10.48)
0.924618320611
sz000554 ('2005-01-07', 6.61, 6.61)
0.90015128593
sz000554 ('2005-01-10', 5.95, 5.95)
0.900840336134
sz000554 ('2005-01-11', 5.36, 5.36)
0.899253731343
sz000554 ('2005-01-12', 4.82, 4.82)
0.900414937759
sz000554 ('2005-01-13', 4.34, 4.34)
0.900921658986
sz000554 ('2005-01-14', 3.91, 3.91)
0.936061381074
sz000557 ('2001-09-12', 22.45, 22.45)
0.900222717149
sz000557 ('2001-09-13', 20.21, 20.21)
0.900049480455
sz000557 ('2001-09-14', 18.19, 18.19)
1.0
sz000557 ('2001-09-20', 13.26, 13.26)
0.899698340875
sz000557 ('2001-09-21', 11.93, 11.93)
0.90025146689
sz000557 ('2001-09-24', 10.74, 10.74)
0.900372439479
sz000557 ('2001-09-25', 9.67, 9.67)
0.899689762151
sz002149 ('2008-07-01', 33.98, 33.98)
0.899941141848
sz002149 ('2008-07-02', 30.58, 30.58)
0.902550686723
sh600203 ('2008-06-13', 11.87, 11.87)
0.899747262005
sh600203 ('2008-06-16', 10.68, 10.68)
0.899812734082
sh600203 ('2008-06-17', 9.61, 9.61)
0.908428720083
sz000975 ('2008-07-02', 5.69, 5.69)
0.992970123023
sh600890 ('2004-04-30', 12.76, 12.76)
0.899686520376
sh600890 ('2004-05-10', 11.48, 11.48)
0.899825783972
sh600890 ('2004-05-11', 10.33, 10.33)
0.900290416263
sh600890 ('2004-05-12', 9.3, 9.3)
0.9
sh600890 ('2004-05-13', 8.37, 8.37)
0.899641577061
sh600890 ('2004-05-14', 7.53, 7.53)
0.900398406375
sh600890 ('2004-05-17', 6.78, 6.78)
0.899705014749
sh600890 ('2004-05-18', 6.1, 6.1)
0.919672131148
sh600132 ('2011-12-12', 59.09, 59.09)
0.899983076663
sh600132 ('2011-12-13', 53.18, 53.18)
0.899962391877
sh600132 ('2011-12-14', 47.86, 47.86)
0.8999164229
sh600132 ('2011-12-15', 43.07, 43.07)
0.899930345948
sh600132 ('2011-12-16', 38.76, 38.76)
0.899896800826
sh600132 ('2011-12-19', 34.88, 34.88)
0.89994266055
sh600099 ('2004-10-27', 3.94, 3.94)
1.09898477157
sh600096 ('2008-11-13', 40.42, 40.42)
0.900049480455
sh600096 ('2008-11-14', 36.38, 36.38)
0.899945024739
sh600096 ('2008-11-17', 32.74, 32.74)
0.90012217471
sh600096 ('2008-11-18', 29.47, 29.47)
0.899898201561
sh600096 ('2008-11-19', 26.52, 26.52)
0.941930618401
sh600090 ('2003-11-05', 12.14, 12.14)
0.900329489292
sh600090 ('2003-11-06', 10.93, 10.93)
0.900274473925
sh600090 ('2003-11-07', 9.84, 9.84)
0.900406504065
sh600090 ('2003-11-10', 8.86, 8.86)
0.899548532731
sh600090 ('2003-11-11', 7.97, 7.97)
0.899623588457
sh600090 ('2003-11-12', 7.17, 7.17)
0.899581589958
sh600090 ('2003-11-13', 6.45, 6.45)
0.900775193798
sh600090 ('2003-11-14', 5.81, 5.81)
0.90017211704
sh600090 ('2003-11-17', 5.23, 5.23)
0.900573613767
sh600090 ('2003-11-18', 4.71, 4.71)
0.900212314225
sh600090 ('2003-11-19', 4.24, 4.24)
1.07075471698
sz000008 ('2001-01-12', 34.55, 34.55)
0.9001447178
sz000008 ('2001-01-15', 31.1, 31.1)
0.9
sz000008 ('2001-01-16', 27.99, 27.99)
0.965344765988
sz000716 ('2012-01-30', 6.98, 6.98)
0.916905444126
sz000828 ('2008-04-02', 10.58, 10.58)
0.977315689981
sz000505 ('2008-06-30', 13.91, 13.91)
0.900071890726
sz000505 ('2008-07-01', 12.52, 12.52)
0.900159744409
sz000505 ('2008-07-02', 11.27, 11.27)
0.899733806566
sh600316 ('2010-11-15', 33.72, 33.72)
1.05011862396
sz000676 ('2005-06-14', 11.41, 11.41)
0.900087642419
sz000676 ('2005-06-15', 10.27, 10.27)
0.89970788705
sz000676 ('2005-06-16', 9.24, 9.24)
0.900432900433
sz000676 ('2005-06-17', 8.32, 8.32)
0.900240384615
sz000676 ('2005-06-20', 7.49, 7.49)
0.899866488652
sz000676 ('2005-06-21', 6.74, 6.74)
0.90059347181
sz000676 ('2005-06-22', 6.07, 6.07)
0.899505766063
sz000676 ('2005-06-23', 5.46, 5.46)
0.899267399267
sz000676 ('2005-06-24', 4.91, 4.91)
0.900203665988
sz000676 ('2005-06-27', 4.42, 4.42)
1.05656108597
sz002190 ('2014-12-17', 39.57, 39.57)
1.01769016932
sh600180 ('2008-04-02', 8.72, 8.72)
0.956422018349
sz000025 ('2007-07-06', 11.97, 11.97)
0.927318295739
